;  LST file generated by mikroListExporter - v.2.0 
; Date/Time: 06/06/2023 03:30:06 p. m.
;----------------------------------------------

;Address Opcode 	ASM
0x0000	0x2DF2      	GOTO       1522
_interrupt:
0x0004	0x00FF      	MOVWF      R15
0x0005	0x0E03      	SWAPF      STATUS, 0
0x0006	0x0183      	CLRF       STATUS
0x0007	0x00AF      	MOVWF      ___saveSTATUS
0x0008	0x080A      	MOVF       PCLATH, 0
0x0009	0x00B0      	MOVWF      ___savePCLATH
0x000A	0x018A      	CLRF       PCLATH
0x000B	0x1C8B      	BTFSS      INTF_bit, BitPos(INTF_bit+0)
0x000C	0x280F      	GOTO       L_interrupt3
0x000D	0x0AA1      	INCF       _pulses, 1
0x000E	0x108B      	BCF        INTF_bit, BitPos(INTF_bit+0)
L_interrupt3:
0x000F	0x1C0C      	BTFSS      TMR1IF_bit, BitPos(TMR1IF_bit+0)
0x0010	0x2817      	GOTO       L_interrupt4
0x0011	0x30DC      	MOVLW      220
0x0012	0x008E      	MOVWF      TMR1L
0x0013	0x300B      	MOVLW      11
0x0014	0x008F      	MOVWF      TMR1H
0x0015	0x0AA2      	INCF       _time, 1
0x0016	0x100C      	BCF        TMR1IF_bit, BitPos(TMR1IF_bit+0)
L_interrupt4:
L_end_interrupt:
L__interrupt11:
0x0017	0x0830      	MOVF       ___savePCLATH, 0
0x0018	0x008A      	MOVWF      PCLATH
0x0019	0x0E2F      	SWAPF      ___saveSTATUS, 0
0x001A	0x0083      	MOVWF      STATUS
0x001B	0x0EFF      	SWAPF      R15, 1
0x001C	0x0E7F      	SWAPF      R15, 0
0x001D	0x0009      	RETFIE
; end of _interrupt
_RES032:
0x001E	0x01F2      	CLRF       R2
0x001F	0x01F1      	CLRF       R1
0x0020	0x01F0      	CLRF       R0
0x0021	0x01F8      	CLRF       R8
0x0022	0x01F3      	CLRF       R3
0x0023	0x3000      	MOVLW      0
L_end_RES032:
0x0024	0x0008      	RETURN
; end of _RES032
_SETFUN32:
0x0025	0x157B      	BSF        R11, 2
0x0026	0x1FFB      	BTFSS      R11, 7
0x0027	0x282F      	GOTO       SETFUN32EEE
0x0028	0x3001      	MOVLW      1
0x0029	0x00F3      	MOVWF      R3
0x002A	0x01F2      	CLRF       R2
0x002B	0x01F1      	CLRF       R1
0x002C	0x01F0      	CLRF       R0
0x002D	0x0DFA      	RLF        R10, 1
0x002E	0x0CF2      	RRF        R2, 1
SETFUN32EEE:
0x002F	0x30FF      	MOVLW      255
L_end_SETFUN32:
0x0030	0x0008      	RETURN
; end of _SETFUN32
_FIXSIGN32:
0x0031	0x1FFA      	BTFSS      R10, 7
0x0032	0x13F2      	BCF        R2, 7
0x0033	0x3000      	MOVLW      0
L_end_FIXSIGN32:
0x0034	0x0008      	RETURN
; end of _FIXSIGN32
_SETFOV32:
0x0035	0x14FB      	BSF        R11, 1
0x0036	0x1FFB      	BTFSS      R11, 7
0x0037	0x283F      	GOTO       SETFOV32EEE
0x0038	0x30FF      	MOVLW      255
0x0039	0x00F3      	MOVWF      R3
0x003A	0x00F2      	MOVWF      R2
0x003B	0x00F1      	MOVWF      R1
0x003C	0x00F0      	MOVWF      R0
0x003D	0x0DFA      	RLF        R10, 1
0x003E	0x0CF2      	RRF        R2, 1
SETFOV32EEE:
0x003F	0x30FF      	MOVLW      255
L_end_SETFOV32:
0x0040	0x0008      	RETURN
; end of _SETFOV32
_UART1_Init:
0x0041	0x1683      	BSF        STATUS, 5
0x0042	0x1303      	BCF        STATUS, 6
0x0043	0x1698      	BSF        TXSTA, 5
0x0044	0x3090      	MOVLW      144
0x0045	0x1283      	BCF        STATUS, 5
0x0046	0x0098      	MOVWF      RCSTA
0x0047	0x1683      	BSF        STATUS, 5
0x0048	0x1787      	BSF        TRISC7_bit, BitPos(TRISC7_bit+0)
0x0049	0x1307      	BCF        TRISC6_bit, BitPos(TRISC6_bit+0)
L_UART1_Init0:
0x004A	0x1283      	BCF        STATUS, 5
0x004B	0x1E8C      	BTFSS      PIR1, 5
0x004C	0x2850      	GOTO       L_UART1_Init1
0x004D	0x081A      	MOVF       RCREG, 0
0x004E	0x00F0      	MOVWF      R0
0x004F	0x284A      	GOTO       L_UART1_Init0
L_UART1_Init1:
L_end_UART1_Init:
0x0050	0x0008      	RETURN
; end of _UART1_Init
_strcpy:
0x0051	0x1683      	BSF        STATUS, 5
0x0052	0x1303      	BCF        STATUS, 6
0x0053	0x0825      	MOVF       FARG_strcpy_to, 0
0x0054	0x00F2      	MOVWF      R2
L_strcpy34:
0x0055	0x0872      	MOVF       R2, 0
0x0056	0x00F1      	MOVWF      R1
0x0057	0x0AF2      	INCF       R2, 1
0x0058	0x0826      	MOVF       FARG_strcpy_from, 0
0x0059	0x00F0      	MOVWF      R0
0x005A	0x0AA6      	INCF       FARG_strcpy_from, 1
0x005B	0x0870      	MOVF       R0, 0
0x005C	0x0084      	MOVWF      FSR
0x005D	0x0800      	MOVF       INDF, 0
0x005E	0x00F0      	MOVWF      R0
0x005F	0x0871      	MOVF       R1, 0
0x0060	0x0084      	MOVWF      FSR
0x0061	0x0870      	MOVF       R0, 0
0x0062	0x0080      	MOVWF      INDF
0x0063	0x0871      	MOVF       R1, 0
0x0064	0x0084      	MOVWF      FSR
0x0065	0x0800      	MOVF       INDF, 0
0x0066	0x1903      	BTFSC      STATUS, 2
0x0067	0x2869      	GOTO       L_strcpy35
0x0068	0x2855      	GOTO       L_strcpy34
L_strcpy35:
0x0069	0x0825      	MOVF       FARG_strcpy_to, 0
0x006A	0x00F0      	MOVWF      R0
L_end_strcpy:
0x006B	0x0008      	RETURN
; end of _strcpy
_Mul_32x32_FP:
0x006C	0x1283      	BCF        STATUS, 5
0x006D	0x1303      	BCF        STATUS, 6
0x006E	0x01FB      	CLRF       R11
0x006F	0x0873      	MOVF       R3, 0
0x0070	0x1D03      	BTFSS      STATUS, 2
0x0071	0x0877      	MOVF       R7, 0
0x0072	0x1903      	BTFSC      STATUS, 2
0x0073	0x28C3      	GOTO       JPMRES032
0x0074	0x0872      	MOVF       R2, 0
0x0075	0x0676      	XORWF      R6, 0
0x0076	0x00FA      	MOVWF      R10
0x0077	0x0877      	MOVF       R7, 0
0x0078	0x07F3      	ADDWF      R3, 1
0x0079	0x307E      	MOVLW      126
0x007A	0x1C03      	BTFSS      STATUS, 0
0x007B	0x2880      	GOTO       MTUN32
0x007C	0x02F3      	SUBWF      R3, 1
0x007D	0x1803      	BTFSC      STATUS, 0
0x007E	0x28C6      	GOTO       JPMSETFOV32
0x007F	0x2883      	GOTO       MOK32
MTUN32:
0x0080	0x02F3      	SUBWF      R3, 1
0x0081	0x1C03      	BTFSS      STATUS, 0
0x0082	0x28C9      	GOTO       JPMSETFUN32
MOK32:
0x0083	0x0872      	MOVF       R2, 0
0x0084	0x00F8      	MOVWF      R8
0x0085	0x0871      	MOVF       R1, 0
0x0086	0x00FC      	MOVWF      R12
0x0087	0x0870      	MOVF       R0, 0
0x0088	0x00FD      	MOVWF      R13
0x0089	0x17F8      	BSF        R8, 7
0x008A	0x17F6      	BSF        R6, 7
0x008B	0x1003      	BCF        STATUS, 0
0x008C	0x01F2      	CLRF       R2
0x008D	0x01F1      	CLRF       R1
0x008E	0x01F0      	CLRF       R0
0x008F	0x3018      	MOVLW      24
0x0090	0x00A0      	MOVWF      __math_tempbD
MLOOP32:
0x0091	0x1C7D      	BTFSS      R13, 0
0x0092	0x289D      	GOTO       MNOADD32
0x0093	0x0874      	MOVF       R4, 0
0x0094	0x07F0      	ADDWF      R0, 1
0x0095	0x0875      	MOVF       R5, 0
0x0096	0x1803      	BTFSC      STATUS, 0
0x0097	0x0F75      	INCFSZ     R5, 0
0x0098	0x07F1      	ADDWF      R1, 1
0x0099	0x0876      	MOVF       R6, 0
0x009A	0x1803      	BTFSC      STATUS, 0
0x009B	0x0F76      	INCFSZ     R6, 0
0x009C	0x07F2      	ADDWF      R2, 1
MNOADD32:
0x009D	0x0CF2      	RRF        R2, 1
0x009E	0x0CF1      	RRF        R1, 1
0x009F	0x0CF0      	RRF        R0, 1
0x00A0	0x0CF8      	RRF        R8, 1
0x00A1	0x0CFC      	RRF        R12, 1
0x00A2	0x0CFD      	RRF        R13, 1
0x00A3	0x1003      	BCF        STATUS, 0
0x00A4	0x0BA0      	DECFSZ     __math_tempbD, 1
0x00A5	0x2891      	GOTO       MLOOP32
0x00A6	0x1BF2      	BTFSC      R2, 7
0x00A7	0x28AD      	GOTO       MROUND32
0x00A8	0x0DF8      	RLF        R8, 1
0x00A9	0x0DF0      	RLF        R0, 1
0x00AA	0x0DF1      	RLF        R1, 1
0x00AB	0x0DF2      	RLF        R2, 1
0x00AC	0x03F3      	DECF       R3, 1
MROUND32:
0x00AD	0x1B7B      	BTFSC      R11, 6
0x00AE	0x1C70      	BTFSS      R0, 0
0x00AF	0x28BF      	GOTO       MUL32OK
0x00B0	0x1FF8      	BTFSS      R8, 7
0x00B1	0x28BF      	GOTO       MUL32OK
0x00B2	0x0AF0      	INCF       R0, 1
0x00B3	0x1903      	BTFSC      STATUS, 2
0x00B4	0x0AF1      	INCF       R1, 1
0x00B5	0x1903      	BTFSC      STATUS, 2
0x00B6	0x0AF2      	INCF       R2, 1
0x00B7	0x1D03      	BTFSS      STATUS, 2
0x00B8	0x28BF      	GOTO       MUL32OK
0x00B9	0x0CF2      	RRF        R2, 1
0x00BA	0x0CF1      	RRF        R1, 1
0x00BB	0x0CF0      	RRF        R0, 1
0x00BC	0x0AF3      	INCF       R3, 1
0x00BD	0x1903      	BTFSC      STATUS, 2
0x00BE	0x28C6      	GOTO       JPMSETFOV32
MUL32OK:
0x00BF	0x1FFA      	BTFSS      R10, 7
0x00C0	0x13F2      	BCF        R2, 7
0x00C1	0x3000      	MOVLW      0
0x00C2	0x28CB      	GOTO       MUL32EEE
JPMRES032:
0x00C3	0x3001      	MOVLW      1
0x00C4	0x201E      	CALL       _RES032
0x00C5	0x28CB      	GOTO       MUL32EEE
JPMSETFOV32:
0x00C6	0x3002      	MOVLW      2
0x00C7	0x2035      	CALL       _SETFOV32
0x00C8	0x28CB      	GOTO       MUL32EEE
JPMSETFUN32:
0x00C9	0x3004      	MOVLW      4
0x00CA	0x2025      	CALL       _SETFUN32
MUL32EEE:
0x00CB	0x0000      	NOP
L_end_Mul_32x32_FP:
0x00CC	0x0008      	RETURN
; end of _Mul_32x32_FP
_Div_8X8_S:
0x00CD	0x1283      	BCF        STATUS, 5
0x00CE	0x1303      	BCF        STATUS, 6
0x00CF	0x01FD      	CLRF       R13
0x00D0	0x01F8      	CLRF       R8
0x00D1	0x0870      	MOVF       R0, 0
0x00D2	0x1903      	BTFSC      STATUS, 2
0x00D3	0x3400      	RETLW      0
0x00D4	0x0674      	XORWF      R4, 0
0x00D5	0x00FA      	MOVWF      R10
0x00D6	0x1BFA      	BTFSC      R10, 7
0x00D7	0x09FD      	COMF       R13, 1
0x00D8	0x01FB      	CLRF       R11
0x00D9	0x1FF4      	BTFSS      R4, 7
0x00DA	0x28DD      	GOTO       $+3
0x00DB	0x09F4      	COMF       R4, 1
0x00DC	0x0AF4      	INCF       R4, 1
0x00DD	0x1FF0      	BTFSS      R0, 7
0x00DE	0x28E1      	GOTO       $+3
0x00DF	0x09F0      	COMF       R0, 1
0x00E0	0x0AF0      	INCF       R0, 1
0x00E1	0x0870      	MOVF       R0, 0
0x00E2	0x0474      	IORWF      R4, 0
0x00E3	0x00FA      	MOVWF      R10
0x00E4	0x1BFA      	BTFSC      R10, 7
0x00E5	0x2905      	GOTO       $+32
0x00E6	0x0874      	MOVF       R4, 0
0x00E7	0x02F8      	SUBWF      R8, 1
0x00E8	0x0DF0      	RLF        R0, 1
0x00E9	0x0D70      	RLF        R0, 0
0x00EA	0x0DF8      	RLF        R8, 1
0x00EB	0x0874      	MOVF       R4, 0
0x00EC	0x07F8      	ADDWF      R8, 1
0x00ED	0x0DF0      	RLF        R0, 1
0x00EE	0x3006      	MOVLW      6
0x00EF	0x00FC      	MOVWF      R12
0x00F0	0x0D70      	RLF        R0, 0
0x00F1	0x0DF8      	RLF        R8, 1
0x00F2	0x0874      	MOVF       R4, 0
0x00F3	0x1870      	BTFSC      R0, 0
0x00F4	0x02F8      	SUBWF      R8, 1
0x00F5	0x1C70      	BTFSS      R0, 0
0x00F6	0x07F8      	ADDWF      R8, 1
0x00F7	0x0DF0      	RLF        R0, 1
0x00F8	0x0BFC      	DECFSZ     R12, 1
0x00F9	0x28F0      	GOTO       $-9
0x00FA	0x1C70      	BTFSS      R0, 0
0x00FB	0x07F8      	ADDWF      R8, 1
0x00FC	0x187B      	BTFSC      R11, 0
0x00FD	0x2913      	GOTO       $+22
0x00FE	0x1FFD      	BTFSS      R13, 7
0x00FF	0x3400      	RETLW      0
0x0100	0x09F0      	COMF       R0, 1
0x0101	0x0AF0      	INCF       R0, 1
0x0102	0x09F8      	COMF       R8, 1
0x0103	0x0AF8      	INCF       R8, 1
0x0104	0x3400      	RETLW      0
0x0105	0x1FF4      	BTFSS      R4, 7
0x0106	0x2910      	GOTO       $+10
0x0107	0x1BF0      	BTFSC      R0, 7
0x0108	0x290D      	GOTO       $+5
0x0109	0x0870      	MOVF       R0, 0
0x010A	0x00F8      	MOVWF      R8
0x010B	0x01F0      	CLRF       R0
0x010C	0x28FE      	GOTO       $-14
0x010D	0x01F0      	CLRF       R0
0x010E	0x0AF0      	INCF       R0, 1
0x010F	0x3400      	RETLW      0
0x0110	0x09F0      	COMF       R0, 1
0x0111	0x0AFB      	INCF       R11, 1
0x0112	0x28E6      	GOTO       $-44
0x0113	0x0AF8      	INCF       R8, 1
0x0114	0x0874      	MOVF       R4, 0
0x0115	0x0278      	SUBWF      R8, 0
0x0116	0x1D03      	BTFSS      STATUS, 2
0x0117	0x28FE      	GOTO       $-25
0x0118	0x01F8      	CLRF       R8
0x0119	0x0AF0      	INCF       R0, 1
0x011A	0x1FF0      	BTFSS      R0, 7
0x011B	0x28FE      	GOTO       $-29
0x011C	0x34FF      	RETLW      255
L_end_Div_8X8_S:
0x011D	0x0008      	RETURN
; end of _Div_8X8_S
_UART1_Write:
L_UART1_Write3:
0x011E	0x1683      	BSF        STATUS, 5
0x011F	0x1303      	BCF        STATUS, 6
0x0120	0x1898      	BTFSC      TXSTA, 1
0x0121	0x2924      	GOTO       L_UART1_Write4
0x0122	0x0000      	NOP
0x0123	0x291E      	GOTO       L_UART1_Write3
L_UART1_Write4:
0x0124	0x0825      	MOVF       FARG_UART1_Write_data_, 0
0x0125	0x1283      	BCF        STATUS, 5
0x0126	0x0099      	MOVWF      TXREG
L_end_UART1_Write:
0x0127	0x0008      	RETURN
; end of _UART1_Write
_SETFDZ32:
0x0128	0x15FB      	BSF        R11, 3
0x0129	0x30FF      	MOVLW      255
L_end_SETFDZ32:
0x012A	0x0008      	RETURN
; end of _SETFDZ32
_____DoICP:
0x012B	0x1283      	BCF        STATUS, 5
0x012C	0x1303      	BCF        STATUS, 6
0x012D	0x082E      	MOVF       ___DoICPAddr+1, 0
0x012E	0x008A      	MOVWF      PCLATH
0x012F	0x082D      	MOVF       ___DoICPAddr, 0
0x0130	0x0082      	MOVWF      PCL
L_end_____DoICP:
0x0131	0x0008      	RETURN
; end of _____DoICP
_NRM4032:
0x0132	0x187C      	BTFSC      R12, 0
0x0133	0x2968      	GOTO       NRMRND4032
0x0134	0x18FC      	BTFSC      R12, 1
0x0135	0x2939      	GOTO       NRM4032
0x0136	0x197C      	BTFSC      R12, 2
0x0137	0x2987      	GOTO       JMPSETFOV32
0x0138	0x2932      	GOTO       $-6
NRM4032:
0x0139	0x01A0      	CLRF       __math_tempbD
0x013A	0x0872      	MOVF       R2, 0
0x013B	0x1D03      	BTFSS      STATUS, 2
0x013C	0x2959      	GOTO       NORM4032
0x013D	0x0871      	MOVF       R1, 0
0x013E	0x00F2      	MOVWF      R2
0x013F	0x0870      	MOVF       R0, 0
0x0140	0x00F1      	MOVWF      R1
0x0141	0x0878      	MOVF       R8, 0
0x0142	0x00F0      	MOVWF      R0
0x0143	0x01F8      	CLRF       R8
0x0144	0x15A0      	BSF        __math_tempbD, 3
0x0145	0x0872      	MOVF       R2, 0
0x0146	0x1D03      	BTFSS      STATUS, 2
0x0147	0x2959      	GOTO       NORM4032
0x0148	0x0871      	MOVF       R1, 0
0x0149	0x00F2      	MOVWF      R2
0x014A	0x0870      	MOVF       R0, 0
0x014B	0x00F1      	MOVWF      R1
0x014C	0x01F0      	CLRF       R0
0x014D	0x11A0      	BCF        __math_tempbD, 3
0x014E	0x1620      	BSF        __math_tempbD, 4
0x014F	0x0872      	MOVF       R2, 0
0x0150	0x1D03      	BTFSS      STATUS, 2
0x0151	0x2959      	GOTO       NORM4032
0x0152	0x0871      	MOVF       R1, 0
0x0153	0x00F2      	MOVWF      R2
0x0154	0x01F1      	CLRF       R1
0x0155	0x15A0      	BSF        __math_tempbD, 3
0x0156	0x0872      	MOVF       R2, 0
0x0157	0x1903      	BTFSC      STATUS, 2
0x0158	0x297B      	GOTO       JMPRES032
NORM4032:
0x0159	0x0820      	MOVF       __math_tempbD, 0
0x015A	0x02F3      	SUBWF      R3, 1
0x015B	0x1D03      	BTFSS      STATUS, 2
0x015C	0x1C03      	BTFSS      STATUS, 0
0x015D	0x297F      	GOTO       JMPSETFUN32
0x015E	0x1003      	BCF        STATUS, 0
NORM4032A:
0x015F	0x1BF2      	BTFSC      R2, 7
0x0160	0x2968      	GOTO       NRMRND4032
0x0161	0x0DF8      	RLF        R8, 1
0x0162	0x0DF0      	RLF        R0, 1
0x0163	0x0DF1      	RLF        R1, 1
0x0164	0x0DF2      	RLF        R2, 1
0x0165	0x0BF3      	DECFSZ     R3, 1
0x0166	0x295F      	GOTO       NORM4032A
0x0167	0x297F      	GOTO       JMPSETFUN32
NRMRND4032:
0x0168	0x1B7B      	BTFSC      R11, 6
0x0169	0x1C70      	BTFSS      R0, 0
0x016A	0x2983      	GOTO       JMPFIXSIGN32
0x016B	0x1FF8      	BTFSS      R8, 7
0x016C	0x2983      	GOTO       JMPFIXSIGN32
0x016D	0x0AF0      	INCF       R0, 1
0x016E	0x1903      	BTFSC      STATUS, 2
0x016F	0x0AF1      	INCF       R1, 1
0x0170	0x1903      	BTFSC      STATUS, 2
0x0171	0x0AF2      	INCF       R2, 1
0x0172	0x1D03      	BTFSS      STATUS, 2
0x0173	0x2983      	GOTO       JMPFIXSIGN32
0x0174	0x0CF2      	RRF        R2, 1
0x0175	0x0CF1      	RRF        R1, 1
0x0176	0x0CF0      	RRF        R0, 1
0x0177	0x0AF3      	INCF       R3, 1
0x0178	0x1903      	BTFSC      STATUS, 2
0x0179	0x2987      	GOTO       JMPSETFOV32
0x017A	0x2983      	GOTO       JMPFIXSIGN32
JMPRES032:
0x017B	0x3001      	MOVLW      1
0x017C	0x00FC      	MOVWF      R12
0x017D	0x201E      	CALL       _RES032
0x017E	0x298A      	GOTO       NRM4032EEE
JMPSETFUN32:
0x017F	0x3002      	MOVLW      2
0x0180	0x00FC      	MOVWF      R12
0x0181	0x2025      	CALL       _SETFUN32
0x0182	0x298A      	GOTO       NRM4032EEE
JMPFIXSIGN32:
0x0183	0x3004      	MOVLW      4
0x0184	0x00FC      	MOVWF      R12
0x0185	0x2031      	CALL       _FIXSIGN32
0x0186	0x298A      	GOTO       NRM4032EEE
JMPSETFOV32:
0x0187	0x3008      	MOVLW      8
0x0188	0x00FC      	MOVWF      R12
0x0189	0x2035      	CALL       _SETFOV32
NRM4032EEE:
0x018A	0x0000      	NOP
L_end_NRM4032:
0x018B	0x0008      	RETURN
; end of _NRM4032
_Compare_Double:
0x018C	0x1283      	BCF        STATUS, 5
0x018D	0x1303      	BCF        STATUS, 6
0x018E	0x01FA      	CLRF       R10
0x018F	0x0873      	MOVF       R3, 0
0x0190	0x1D03      	BTFSS      STATUS, 2
0x0191	0x147A      	BSF        R10, 0
0x0192	0x0877      	MOVF       R7, 0
0x0193	0x1D03      	BTFSS      STATUS, 2
0x0194	0x14FA      	BSF        R10, 1
0x0195	0x087A      	MOVF       R10, 0
0x0196	0x1903      	BTFSC      STATUS, 2
0x0197	0x29D8      	GOTO       COMPARE_EQU
0x0198	0x3A03      	XORLW      3
0x0199	0x1903      	BTFSC      STATUS, 2
0x019A	0x29A3      	GOTO       COMPARE_NOTZERO
0x019B	0x187A      	BTFSC      R10, 0
0x019C	0x29A0      	GOTO       COMPARE_XNOTZERO
0x019D	0x1FF6      	BTFSS      R6, 7
0x019E	0x29D6      	GOTO       COMPARE_LT
0x019F	0x29D4      	GOTO       COMPARE_GT
COMPARE_XNOTZERO:
0x01A0	0x1FF2      	BTFSS      R2, 7
0x01A1	0x29D4      	GOTO       COMPARE_GT
0x01A2	0x29D6      	GOTO       COMPARE_LT
COMPARE_NOTZERO:
0x01A3	0x0872      	MOVF       R2, 0
0x01A4	0x3980      	ANDLW      128
0x01A5	0x00FA      	MOVWF      R10
0x01A6	0x13F2      	BCF        R2, 7
0x01A7	0x0876      	MOVF       R6, 0
0x01A8	0x3980      	ANDLW      128
0x01A9	0x13F6      	BCF        R6, 7
0x01AA	0x067A      	XORWF      R10, 0
0x01AB	0x1903      	BTFSC      STATUS, 2
0x01AC	0x29B1      	GOTO       COMPARE_TESTALL
0x01AD	0x087A      	MOVF       R10, 0
0x01AE	0x1903      	BTFSC      STATUS, 2
0x01AF	0x29D4      	GOTO       COMPARE_GT
0x01B0	0x29D6      	GOTO       COMPARE_LT
COMPARE_TESTALL:
0x01B1	0x0877      	MOVF       R7, 0
0x01B2	0x0273      	SUBWF      R3, 0
0x01B3	0x1903      	BTFSC      STATUS, 2
0x01B4	0x29B8      	GOTO       COMPARE_C1
0x01B5	0x1C03      	BTFSS      STATUS, 0
0x01B6	0x29CC      	GOTO       GT_FALSE
0x01B7	0x29D0      	GOTO       GT_TRUE
COMPARE_C1:
0x01B8	0x0876      	MOVF       R6, 0
0x01B9	0x0272      	SUBWF      R2, 0
0x01BA	0x1903      	BTFSC      STATUS, 2
0x01BB	0x29BF      	GOTO       COMPARE_C2
0x01BC	0x1C03      	BTFSS      STATUS, 0
0x01BD	0x29CC      	GOTO       GT_FALSE
0x01BE	0x29D0      	GOTO       GT_TRUE
COMPARE_C2:
0x01BF	0x0875      	MOVF       R5, 0
0x01C0	0x0271      	SUBWF      R1, 0
0x01C1	0x1903      	BTFSC      STATUS, 2
0x01C2	0x29C6      	GOTO       COMPARE_C3
0x01C3	0x1C03      	BTFSS      STATUS, 0
0x01C4	0x29CC      	GOTO       GT_FALSE
0x01C5	0x29D0      	GOTO       GT_TRUE
COMPARE_C3:
0x01C6	0x0874      	MOVF       R4, 0
0x01C7	0x0270      	SUBWF      R0, 0
0x01C8	0x1903      	BTFSC      STATUS, 2
0x01C9	0x29D8      	GOTO       COMPARE_EQU
0x01CA	0x1803      	BTFSC      STATUS, 0
0x01CB	0x29D0      	GOTO       GT_TRUE
GT_FALSE:
0x01CC	0x08FA      	MOVF       R10, 1
0x01CD	0x1903      	BTFSC      STATUS, 2
0x01CE	0x29D6      	GOTO       COMPARE_LT
0x01CF	0x29D4      	GOTO       COMPARE_GT
GT_TRUE:
0x01D0	0x08FA      	MOVF       R10, 1
0x01D1	0x1903      	BTFSC      STATUS, 2
0x01D2	0x29D4      	GOTO       COMPARE_GT
0x01D3	0x29D6      	GOTO       COMPARE_LT
COMPARE_GT:
0x01D4	0x1403      	BSF        STATUS, 0
0x01D5	0x0008      	RETURN
COMPARE_LT:
0x01D6	0x1003      	BCF        STATUS, 0
0x01D7	0x0008      	RETURN
COMPARE_EQU:
0x01D8	0x1403      	BSF        STATUS, 0
0x01D9	0x1503      	BSF        STATUS, 2
0x01DA	0x0008      	RETURN
L_end_Compare_Double:
0x01DB	0x0008      	RETURN
; end of _Compare_Double
_NRM3232:
0x01DC	0x01A0      	CLRF       __math_tempbD
0x01DD	0x0872      	MOVF       R2, 0
0x01DE	0x1D03      	BTFSS      STATUS, 2
0x01DF	0x29F1      	GOTO       NORM3232
0x01E0	0x0871      	MOVF       R1, 0
0x01E1	0x00F2      	MOVWF      R2
0x01E2	0x0870      	MOVF       R0, 0
0x01E3	0x00F1      	MOVWF      R1
0x01E4	0x01F0      	CLRF       R0
0x01E5	0x15A0      	BSF        __math_tempbD, 3
0x01E6	0x0872      	MOVF       R2, 0
0x01E7	0x1D03      	BTFSS      STATUS, 2
0x01E8	0x29F1      	GOTO       NORM3232
0x01E9	0x0871      	MOVF       R1, 0
0x01EA	0x00F2      	MOVWF      R2
0x01EB	0x01F1      	CLRF       R1
0x01EC	0x11A0      	BCF        __math_tempbD, 3
0x01ED	0x1620      	BSF        __math_tempbD, 4
0x01EE	0x0872      	MOVF       R2, 0
0x01EF	0x1903      	BTFSC      STATUS, 2
0x01F0	0x29FF      	GOTO       JPNRES032
NORM3232:
0x01F1	0x0820      	MOVF       __math_tempbD, 0
0x01F2	0x02F3      	SUBWF      R3, 1
0x01F3	0x1D03      	BTFSS      STATUS, 2
0x01F4	0x1C03      	BTFSS      STATUS, 0
0x01F5	0x2A03      	GOTO       JPNSETFUN32
0x01F6	0x1003      	BCF        STATUS, 0
NORM3232A:
0x01F7	0x1BF2      	BTFSC      R2, 7
0x01F8	0x2A07      	GOTO       JMPNFIXSIGN32
0x01F9	0x0DF0      	RLF        R0, 1
0x01FA	0x0DF1      	RLF        R1, 1
0x01FB	0x0DF2      	RLF        R2, 1
0x01FC	0x0BF3      	DECFSZ     R3, 1
0x01FD	0x29F7      	GOTO       NORM3232A
0x01FE	0x2A03      	GOTO       JPNSETFUN32
JPNRES032:
0x01FF	0x3001      	MOVLW      1
0x0200	0x00FC      	MOVWF      R12
0x0201	0x201E      	CALL       _RES032
0x0202	0x2A0A      	GOTO       NORM32EEE
JPNSETFUN32:
0x0203	0x3002      	MOVLW      2
0x0204	0x00FC      	MOVWF      R12
0x0205	0x2025      	CALL       _SETFUN32
0x0206	0x2A0A      	GOTO       NORM32EEE
JMPNFIXSIGN32:
0x0207	0x3004      	MOVLW      4
0x0208	0x00FC      	MOVWF      R12
0x0209	0x2031      	CALL       _FIXSIGN32
NORM32EEE:
L_end_NRM3232:
0x020A	0x0008      	RETURN
; end of _NRM3232
_Div_32x32_FP:
0x020B	0x1283      	BCF        STATUS, 5
0x020C	0x1303      	BCF        STATUS, 6
0x020D	0x0874      	MOVF       R4, 0
0x020E	0x3A00      	XORLW      0
0x020F	0x1D03      	BTFSS      STATUS, 2
0x0210	0x2A26      	GOTO       L_Div_32x32_FP7
0x0211	0x0875      	MOVF       R5, 0
0x0212	0x3A00      	XORLW      0
0x0213	0x1D03      	BTFSS      STATUS, 2
0x0214	0x2A26      	GOTO       L_Div_32x32_FP8
0x0215	0x0876      	MOVF       R6, 0
0x0216	0x3A00      	XORLW      0
0x0217	0x1D03      	BTFSS      STATUS, 2
0x0218	0x2A26      	GOTO       L_Div_32x32_FP9
0x0219	0x0877      	MOVF       R7, 0
0x021A	0x3A00      	XORLW      0
0x021B	0x1D03      	BTFSS      STATUS, 2
0x021C	0x2A26      	GOTO       L_Div_32x32_FP10
0x021D	0x30FF      	MOVLW      255
0x021E	0x00F0      	MOVWF      R0
0x021F	0x30FF      	MOVLW      255
0x0220	0x00F1      	MOVWF      R1
0x0221	0x307F      	MOVLW      127
0x0222	0x00F2      	MOVWF      R2
0x0223	0x30FF      	MOVLW      255
0x0224	0x00F3      	MOVWF      R3
0x0225	0x2AC1      	GOTO       L_end_Div_32x32_FP
L_Div_32x32_FP10:
L_Div_32x32_FP9:
L_Div_32x32_FP8:
L_Div_32x32_FP7:
0x0226	0x1283      	BCF        STATUS, 5
0x0227	0x1303      	BCF        STATUS, 6
0x0228	0x0877      	MOVF       R7, 0
0x0229	0x1903      	BTFSC      STATUS, 2
0x022A	0x2AB5      	GOTO       JPDSETFDZ32
0x022B	0x0873      	MOVF       R3, 0
0x022C	0x1903      	BTFSC      STATUS, 2
0x022D	0x2AB8      	GOTO       JPDRES032
0x022E	0x0872      	MOVF       R2, 0
0x022F	0x0676      	XORWF      R6, 0
0x0230	0x3980      	ANDLW      128
0x0231	0x00FA      	MOVWF      R10
0x0232	0x17F2      	BSF        R2, 7
0x0233	0x17F6      	BSF        R6, 7
0x0234	0x01A0      	CLRF       __math_tempbD
0x0235	0x0872      	MOVF       R2, 0
0x0236	0x00F8      	MOVWF      R8
0x0237	0x0871      	MOVF       R1, 0
0x0238	0x00FC      	MOVWF      R12
0x0239	0x0870      	MOVF       R0, 0
0x023A	0x00FD      	MOVWF      R13
0x023B	0x0874      	MOVF       R4, 0
0x023C	0x02FD      	SUBWF      R13, 1
0x023D	0x0875      	MOVF       R5, 0
0x023E	0x1C03      	BTFSS      STATUS, 0
0x023F	0x0F75      	INCFSZ     R5, 0
0x0240	0x02FC      	SUBWF      R12, 1
0x0241	0x0876      	MOVF       R6, 0
0x0242	0x1C03      	BTFSS      STATUS, 0
0x0243	0x0F76      	INCFSZ     R6, 0
0x0244	0x02F8      	SUBWF      R8, 1
0x0245	0x01F8      	CLRF       R8
0x0246	0x01FC      	CLRF       R12
0x0247	0x01FD      	CLRF       R13
0x0248	0x1C03      	BTFSS      STATUS, 0
0x0249	0x2A51      	GOTO       DALIGN32OK
0x024A	0x1003      	BCF        STATUS, 0
0x024B	0x0CF2      	RRF        R2, 1
0x024C	0x0CF1      	RRF        R1, 1
0x024D	0x0CF0      	RRF        R0, 1
0x024E	0x0CF8      	RRF        R8, 1
0x024F	0x3001      	MOVLW      1
0x0250	0x00A0      	MOVWF      __math_tempbD
DALIGN32OK:
0x0251	0x0877      	MOVF       R7, 0
0x0252	0x02F3      	SUBWF      R3, 1
0x0253	0x1C03      	BTFSS      STATUS, 0
0x0254	0x2A5B      	GOTO       ALTB32
0x0255	0x307E      	MOVLW      126
0x0256	0x0720      	ADDWF      __math_tempbD, 0
0x0257	0x07F3      	ADDWF      R3, 1
0x0258	0x1803      	BTFSC      STATUS, 0
0x0259	0x2ABB      	GOTO       JPDSETFOV32
0x025A	0x2A60      	GOTO       DARGOK32
ALTB32:
0x025B	0x307E      	MOVLW      126
0x025C	0x0720      	ADDWF      __math_tempbD, 0
0x025D	0x07F3      	ADDWF      R3, 1
0x025E	0x1C03      	BTFSS      STATUS, 0
0x025F	0x2ABE      	GOTO       JPDSETFUN32
DARGOK32:
0x0260	0x3018      	MOVLW      24
0x0261	0x07FA      	ADDWF      R10, 1
DLOOP32:
0x0262	0x0DFD      	RLF        R13, 1
0x0263	0x0DFC      	RLF        R12, 1
0x0264	0x0DF8      	RLF        R8, 1
0x0265	0x0DF0      	RLF        R0, 1
0x0266	0x0DF1      	RLF        R1, 1
0x0267	0x0DF2      	RLF        R2, 1
0x0268	0x0DA0      	RLF        __math_tempbD, 1
0x0269	0x0874      	MOVF       R4, 0
0x026A	0x02F0      	SUBWF      R0, 1
0x026B	0x0875      	MOVF       R5, 0
0x026C	0x1C03      	BTFSS      STATUS, 0
0x026D	0x0F75      	INCFSZ     R5, 0
0x026E	0x02F1      	SUBWF      R1, 1
0x026F	0x0876      	MOVF       R6, 0
0x0270	0x1C03      	BTFSS      STATUS, 0
0x0271	0x0F76      	INCFSZ     R6, 0
0x0272	0x02F2      	SUBWF      R2, 1
0x0273	0x0D76      	RLF        R6, 0
0x0274	0x04A0      	IORWF      __math_tempbD, 1
0x0275	0x1C20      	BTFSS      __math_tempbD, 0
0x0276	0x2A79      	GOTO       DREST32
0x0277	0x147D      	BSF        R13, 0
0x0278	0x2A84      	GOTO       DOK32
DREST32:
0x0279	0x0874      	MOVF       R4, 0
0x027A	0x07F0      	ADDWF      R0, 1
0x027B	0x0875      	MOVF       R5, 0
0x027C	0x1803      	BTFSC      STATUS, 0
0x027D	0x0F75      	INCFSZ     R5, 0
0x027E	0x07F1      	ADDWF      R1, 1
0x027F	0x0876      	MOVF       R6, 0
0x0280	0x1803      	BTFSC      STATUS, 0
0x0281	0x0A76      	INCF       R6, 0
0x0282	0x07F2      	ADDWF      R2, 1
0x0283	0x107D      	BCF        R13, 0
DOK32:
0x0284	0x03FA      	DECF       R10, 1
0x0285	0x301F      	MOVLW      31
0x0286	0x057A      	ANDWF      R10, 0
0x0287	0x1D03      	BTFSS      STATUS, 2
0x0288	0x2A62      	GOTO       DLOOP32
0x0289	0x1B7B      	BTFSC      R11, 6
0x028A	0x1C7D      	BTFSS      R13, 0
0x028B	0x2AAB      	GOTO       DIV32OK
0x028C	0x1003      	BCF        STATUS, 0
0x028D	0x0DF0      	RLF        R0, 1
0x028E	0x0DF1      	RLF        R1, 1
0x028F	0x0DF2      	RLF        R2, 1
0x0290	0x0DA0      	RLF        __math_tempbD, 1
0x0291	0x0874      	MOVF       R4, 0
0x0292	0x02F0      	SUBWF      R0, 1
0x0293	0x0875      	MOVF       R5, 0
0x0294	0x1C03      	BTFSS      STATUS, 0
0x0295	0x0F75      	INCFSZ     R5, 0
0x0296	0x02F1      	SUBWF      R1, 1
0x0297	0x0876      	MOVF       R6, 0
0x0298	0x1C03      	BTFSS      STATUS, 0
0x0299	0x0F76      	INCFSZ     R6, 0
0x029A	0x02F2      	SUBWF      R2, 1
0x029B	0x0D76      	RLF        R6, 0
0x029C	0x0420      	IORWF      __math_tempbD, 0
0x029D	0x3901      	ANDLW      1
0x029E	0x07FD      	ADDWF      R13, 1
0x029F	0x1803      	BTFSC      STATUS, 0
0x02A0	0x0AFC      	INCF       R12, 1
0x02A1	0x1903      	BTFSC      STATUS, 2
0x02A2	0x0AF8      	INCF       R8, 1
0x02A3	0x1D03      	BTFSS      STATUS, 2
0x02A4	0x2AAB      	GOTO       DIV32OK
0x02A5	0x0CF8      	RRF        R8, 1
0x02A6	0x0CFC      	RRF        R12, 1
0x02A7	0x0CFD      	RRF        R13, 1
0x02A8	0x0AF3      	INCF       R3, 1
0x02A9	0x1903      	BTFSC      STATUS, 2
0x02AA	0x2ABB      	GOTO       JPDSETFOV32
DIV32OK:
0x02AB	0x1FFA      	BTFSS      R10, 7
0x02AC	0x13F8      	BCF        R8, 7
0x02AD	0x0878      	MOVF       R8, 0
0x02AE	0x00F2      	MOVWF      R2
0x02AF	0x087C      	MOVF       R12, 0
0x02B0	0x00F1      	MOVWF      R1
0x02B1	0x087D      	MOVF       R13, 0
0x02B2	0x00F0      	MOVWF      R0
0x02B3	0x3000      	MOVLW      0
0x02B4	0x2AC0      	GOTO       DIV32EEE
JPDSETFDZ32:
0x02B5	0x3001      	MOVLW      1
0x02B6	0x2128      	CALL       _SETFDZ32
0x02B7	0x2AC0      	GOTO       DIV32EEE
JPDRES032:
0x02B8	0x3002      	MOVLW      2
0x02B9	0x201E      	CALL       _RES032
0x02BA	0x2AC0      	GOTO       DIV32EEE
JPDSETFOV32:
0x02BB	0x3004      	MOVLW      4
0x02BC	0x2035      	CALL       _SETFOV32
0x02BD	0x2AC0      	GOTO       DIV32EEE
JPDSETFUN32:
0x02BE	0x3008      	MOVLW      8
0x02BF	0x2025      	CALL       _SETFUN32
DIV32EEE:
0x02C0	0x0000      	NOP
L_end_Div_32x32_FP:
0x02C1	0x0008      	RETURN
; end of _Div_32x32_FP
_FloatToStr:
0x02C2	0x1283      	BCF        STATUS, 5
0x02C3	0x1303      	BCF        STATUS, 6
0x02C4	0x01EF      	CLRF       FloatToStr_bpoint_L0
0x02C5	0x1683      	BSF        STATUS, 5
0x02C6	0x01A4      	CLRF       FloatToStr_dexpon_L0
0x02C7	0x1283      	BCF        STATUS, 5
0x02C8	0x0868      	MOVF       FARG_FloatToStr_fnum, 0
0x02C9	0x1683      	BSF        STATUS, 5
0x02CA	0x00A0      	MOVWF      FloatToStr_un_L0
0x02CB	0x1283      	BCF        STATUS, 5
0x02CC	0x0869      	MOVF       FARG_FloatToStr_fnum+1, 0
0x02CD	0x1683      	BSF        STATUS, 5
0x02CE	0x00A1      	MOVWF      FloatToStr_un_L0+1
0x02CF	0x1283      	BCF        STATUS, 5
0x02D0	0x086A      	MOVF       FARG_FloatToStr_fnum+2, 0
0x02D1	0x1683      	BSF        STATUS, 5
0x02D2	0x00A2      	MOVWF      FloatToStr_un_L0+2
0x02D3	0x1283      	BCF        STATUS, 5
0x02D4	0x086B      	MOVF       FARG_FloatToStr_fnum+3, 0
0x02D5	0x1683      	BSF        STATUS, 5
0x02D6	0x00A3      	MOVWF      FloatToStr_un_L0+3
0x02D7	0x0823      	MOVF       FloatToStr_un_L0+3, 0
0x02D8	0x3AFF      	XORLW      255
0x02D9	0x1D03      	BTFSS      STATUS, 2
0x02DA	0x2AE5      	GOTO       L__FloatToStr416
0x02DB	0x0822      	MOVF       FloatToStr_un_L0+2, 0
0x02DC	0x3AFF      	XORLW      255
0x02DD	0x1D03      	BTFSS      STATUS, 2
0x02DE	0x2AE5      	GOTO       L__FloatToStr416
0x02DF	0x0821      	MOVF       FloatToStr_un_L0+1, 0
0x02E0	0x3AFF      	XORLW      255
0x02E1	0x1D03      	BTFSS      STATUS, 2
0x02E2	0x2AE5      	GOTO       L__FloatToStr416
0x02E3	0x0820      	MOVF       FloatToStr_un_L0, 0
0x02E4	0x3AFF      	XORLW      255
L__FloatToStr416:
0x02E5	0x1D03      	BTFSS      STATUS, 2
0x02E6	0x2AF1      	GOTO       L_FloatToStr90
0x02E7	0x1283      	BCF        STATUS, 5
0x02E8	0x086C      	MOVF       FARG_FloatToStr_str, 0
0x02E9	0x1683      	BSF        STATUS, 5
0x02EA	0x00A5      	MOVWF      FARG_strcpy_to
0x02EB	0x3023      	MOVLW      ?lstr1___Lib_Conversions
0x02EC	0x00A6      	MOVWF      FARG_strcpy_from
0x02ED	0x2051      	CALL       _strcpy
0x02EE	0x3003      	MOVLW      3
0x02EF	0x00F0      	MOVWF      R0
0x02F0	0x2CEF      	GOTO       L_end_FloatToStr
L_FloatToStr90:
0x02F1	0x3001      	MOVLW      1
0x02F2	0x1283      	BCF        STATUS, 5
0x02F3	0x00ED      	MOVWF      FloatToStr_i_L0
0x02F4	0x1683      	BSF        STATUS, 5
0x02F5	0x1FA2      	BTFSS      FloatToStr_un_L0+2, 7
0x02F6	0x2B03      	GOTO       L_FloatToStr91
0x02F7	0x3080      	MOVLW      128
0x02F8	0x0622      	XORWF      FloatToStr_un_L0+2, 0
0x02F9	0x00F0      	MOVWF      R0
0x02FA	0x0870      	MOVF       R0, 0
0x02FB	0x00A2      	MOVWF      FloatToStr_un_L0+2
0x02FC	0x1283      	BCF        STATUS, 5
0x02FD	0x0AED      	INCF       FloatToStr_i_L0, 1
0x02FE	0x086C      	MOVF       FARG_FloatToStr_str, 0
0x02FF	0x0084      	MOVWF      FSR
0x0300	0x302D      	MOVLW      45
0x0301	0x0080      	MOVWF      INDF
0x0302	0x0AEC      	INCF       FARG_FloatToStr_str, 1
L_FloatToStr91:
0x0303	0x3000      	MOVLW      0
0x0304	0x00F0      	MOVWF      R0
0x0305	0x1683      	BSF        STATUS, 5
0x0306	0x0623      	XORWF      FloatToStr_un_L0+3, 0
0x0307	0x1D03      	BTFSS      STATUS, 2
0x0308	0x2B13      	GOTO       L__FloatToStr417
0x0309	0x0870      	MOVF       R0, 0
0x030A	0x0622      	XORWF      FloatToStr_un_L0+2, 0
0x030B	0x1D03      	BTFSS      STATUS, 2
0x030C	0x2B13      	GOTO       L__FloatToStr417
0x030D	0x0870      	MOVF       R0, 0
0x030E	0x0621      	XORWF      FloatToStr_un_L0+1, 0
0x030F	0x1D03      	BTFSS      STATUS, 2
0x0310	0x2B13      	GOTO       L__FloatToStr417
0x0311	0x0820      	MOVF       FloatToStr_un_L0, 0
0x0312	0x3A00      	XORLW      0
L__FloatToStr417:
0x0313	0x1D03      	BTFSS      STATUS, 2
0x0314	0x2B1E      	GOTO       L_FloatToStr92
0x0315	0x1283      	BCF        STATUS, 5
0x0316	0x086C      	MOVF       FARG_FloatToStr_str, 0
0x0317	0x1683      	BSF        STATUS, 5
0x0318	0x00A5      	MOVWF      FARG_strcpy_to
0x0319	0x302B      	MOVLW      ?lstr2___Lib_Conversions
0x031A	0x00A6      	MOVWF      FARG_strcpy_from
0x031B	0x2051      	CALL       _strcpy
0x031C	0x01F0      	CLRF       R0
0x031D	0x2CEF      	GOTO       L_end_FloatToStr
L_FloatToStr92:
0x031E	0x0823      	MOVF       FloatToStr_un_L0+3, 0
0x031F	0x3AFF      	XORLW      255
0x0320	0x1D03      	BTFSS      STATUS, 2
0x0321	0x2B2C      	GOTO       L__FloatToStr418
0x0322	0x0822      	MOVF       FloatToStr_un_L0+2, 0
0x0323	0x3A00      	XORLW      0
0x0324	0x1D03      	BTFSS      STATUS, 2
0x0325	0x2B2C      	GOTO       L__FloatToStr418
0x0326	0x0821      	MOVF       FloatToStr_un_L0+1, 0
0x0327	0x3A00      	XORLW      0
0x0328	0x1D03      	BTFSS      STATUS, 2
0x0329	0x2B2C      	GOTO       L__FloatToStr418
0x032A	0x0820      	MOVF       FloatToStr_un_L0, 0
0x032B	0x3A00      	XORLW      0
L__FloatToStr418:
0x032C	0x1D03      	BTFSS      STATUS, 2
0x032D	0x2B39      	GOTO       L_FloatToStr93
0x032E	0x1283      	BCF        STATUS, 5
0x032F	0x086C      	MOVF       FARG_FloatToStr_str, 0
0x0330	0x1683      	BSF        STATUS, 5
0x0331	0x00A5      	MOVWF      FARG_strcpy_to
0x0332	0x3027      	MOVLW      ?lstr3___Lib_Conversions
0x0333	0x00A6      	MOVWF      FARG_strcpy_from
0x0334	0x2051      	CALL       _strcpy
0x0335	0x1283      	BCF        STATUS, 5
0x0336	0x086D      	MOVF       FloatToStr_i_L0, 0
0x0337	0x00F0      	MOVWF      R0
0x0338	0x2CEF      	GOTO       L_end_FloatToStr
L_FloatToStr93:
L_FloatToStr94:
0x0339	0x3000      	MOVLW      0
0x033A	0x00F4      	MOVWF      R4
0x033B	0x3000      	MOVLW      0
0x033C	0x00F5      	MOVWF      R4+1
0x033D	0x3000      	MOVLW      0
0x033E	0x00F6      	MOVWF      R4+2
0x033F	0x307F      	MOVLW      127
0x0340	0x00F7      	MOVWF      R4+3
0x0341	0x1683      	BSF        STATUS, 5
0x0342	0x0820      	MOVF       FloatToStr_un_L0, 0
0x0343	0x00F0      	MOVWF      R0
0x0344	0x0821      	MOVF       FloatToStr_un_L0+1, 0
0x0345	0x00F1      	MOVWF      R0+1
0x0346	0x0822      	MOVF       FloatToStr_un_L0+2, 0
0x0347	0x00F2      	MOVWF      R0+2
0x0348	0x0823      	MOVF       FloatToStr_un_L0+3, 0
0x0349	0x00F3      	MOVWF      R0+3
0x034A	0x218C      	CALL       _Compare_Double
0x034B	0x3001      	MOVLW      1
0x034C	0x1803      	BTFSC      STATUS, 0
0x034D	0x3000      	MOVLW      0
0x034E	0x00F0      	MOVWF      R0
0x034F	0x0870      	MOVF       R0, 0
0x0350	0x1903      	BTFSC      STATUS, 2
0x0351	0x2B6F      	GOTO       L_FloatToStr95
0x0352	0x1683      	BSF        STATUS, 5
0x0353	0x0820      	MOVF       FloatToStr_un_L0, 0
0x0354	0x00F0      	MOVWF      R0
0x0355	0x0821      	MOVF       FloatToStr_un_L0+1, 0
0x0356	0x00F1      	MOVWF      R0+1
0x0357	0x0822      	MOVF       FloatToStr_un_L0+2, 0
0x0358	0x00F2      	MOVWF      R0+2
0x0359	0x0823      	MOVF       FloatToStr_un_L0+3, 0
0x035A	0x00F3      	MOVWF      R0+3
0x035B	0x3000      	MOVLW      0
0x035C	0x00F4      	MOVWF      R4
0x035D	0x3000      	MOVLW      0
0x035E	0x00F5      	MOVWF      R4+1
0x035F	0x3020      	MOVLW      32
0x0360	0x00F6      	MOVWF      R4+2
0x0361	0x3082      	MOVLW      130
0x0362	0x00F7      	MOVWF      R4+3
0x0363	0x206C      	CALL       _Mul_32x32_FP
0x0364	0x0870      	MOVF       R0, 0
0x0365	0x1683      	BSF        STATUS, 5
0x0366	0x00A0      	MOVWF      FloatToStr_un_L0
0x0367	0x0871      	MOVF       R0+1, 0
0x0368	0x00A1      	MOVWF      FloatToStr_un_L0+1
0x0369	0x0872      	MOVF       R0+2, 0
0x036A	0x00A2      	MOVWF      FloatToStr_un_L0+2
0x036B	0x0873      	MOVF       R0+3, 0
0x036C	0x00A3      	MOVWF      FloatToStr_un_L0+3
0x036D	0x03A4      	DECF       FloatToStr_dexpon_L0, 1
0x036E	0x2B39      	GOTO       L_FloatToStr94
L_FloatToStr95:
L_FloatToStr96:
0x036F	0x1683      	BSF        STATUS, 5
0x0370	0x3000      	MOVLW      0
0x0371	0x00F4      	MOVWF      R4
0x0372	0x3000      	MOVLW      0
0x0373	0x00F5      	MOVWF      R4+1
0x0374	0x3020      	MOVLW      32
0x0375	0x00F6      	MOVWF      R4+2
0x0376	0x3082      	MOVLW      130
0x0377	0x00F7      	MOVWF      R4+3
0x0378	0x0820      	MOVF       FloatToStr_un_L0, 0
0x0379	0x00F0      	MOVWF      R0
0x037A	0x0821      	MOVF       FloatToStr_un_L0+1, 0
0x037B	0x00F1      	MOVWF      R0+1
0x037C	0x0822      	MOVF       FloatToStr_un_L0+2, 0
0x037D	0x00F2      	MOVWF      R0+2
0x037E	0x0823      	MOVF       FloatToStr_un_L0+3, 0
0x037F	0x00F3      	MOVWF      R0+3
0x0380	0x218C      	CALL       _Compare_Double
0x0381	0x3001      	MOVLW      1
0x0382	0x1C03      	BTFSS      STATUS, 0
0x0383	0x3000      	MOVLW      0
0x0384	0x00F0      	MOVWF      R0
0x0385	0x0870      	MOVF       R0, 0
0x0386	0x1903      	BTFSC      STATUS, 2
0x0387	0x2BA5      	GOTO       L_FloatToStr97
0x0388	0x1683      	BSF        STATUS, 5
0x0389	0x0820      	MOVF       FloatToStr_un_L0, 0
0x038A	0x00F0      	MOVWF      R0
0x038B	0x0821      	MOVF       FloatToStr_un_L0+1, 0
0x038C	0x00F1      	MOVWF      R0+1
0x038D	0x0822      	MOVF       FloatToStr_un_L0+2, 0
0x038E	0x00F2      	MOVWF      R0+2
0x038F	0x0823      	MOVF       FloatToStr_un_L0+3, 0
0x0390	0x00F3      	MOVWF      R0+3
0x0391	0x30CD      	MOVLW      205
0x0392	0x00F4      	MOVWF      R4
0x0393	0x30CC      	MOVLW      204
0x0394	0x00F5      	MOVWF      R4+1
0x0395	0x304C      	MOVLW      76
0x0396	0x00F6      	MOVWF      R4+2
0x0397	0x307B      	MOVLW      123
0x0398	0x00F7      	MOVWF      R4+3
0x0399	0x206C      	CALL       _Mul_32x32_FP
0x039A	0x0870      	MOVF       R0, 0
0x039B	0x1683      	BSF        STATUS, 5
0x039C	0x00A0      	MOVWF      FloatToStr_un_L0
0x039D	0x0871      	MOVF       R0+1, 0
0x039E	0x00A1      	MOVWF      FloatToStr_un_L0+1
0x039F	0x0872      	MOVF       R0+2, 0
0x03A0	0x00A2      	MOVWF      FloatToStr_un_L0+2
0x03A1	0x0873      	MOVF       R0+3, 0
0x03A2	0x00A3      	MOVWF      FloatToStr_un_L0+3
0x03A3	0x0AA4      	INCF       FloatToStr_dexpon_L0, 1
0x03A4	0x2B6F      	GOTO       L_FloatToStr96
L_FloatToStr97:
0x03A5	0x1683      	BSF        STATUS, 5
0x03A6	0x30FF      	MOVLW      255
0x03A7	0x0520      	ANDWF      FloatToStr_un_L0, 0
0x03A8	0x00F8      	MOVWF      R8
0x03A9	0x30FF      	MOVLW      255
0x03AA	0x0521      	ANDWF      FloatToStr_un_L0+1, 0
0x03AB	0x00F9      	MOVWF      R8+1
0x03AC	0x307F      	MOVLW      127
0x03AD	0x0522      	ANDWF      FloatToStr_un_L0+2, 0
0x03AE	0x00FA      	MOVWF      R8+2
0x03AF	0x3000      	MOVLW      0
0x03B0	0x0523      	ANDWF      FloatToStr_un_L0+3, 0
0x03B1	0x00FB      	MOVWF      R8+3
0x03B2	0x0878      	MOVF       R8, 0
0x03B3	0x00F4      	MOVWF      R4
0x03B4	0x0879      	MOVF       R8+1, 0
0x03B5	0x00F5      	MOVWF      R4+1
0x03B6	0x087A      	MOVF       R8+2, 0
0x03B7	0x00F6      	MOVWF      R4+2
0x03B8	0x087B      	MOVF       R8+3, 0
0x03B9	0x00F7      	MOVWF      R4+3
0x03BA	0x0DF4      	RLF        R4, 1
0x03BB	0x0DF5      	RLF        R4+1, 1
0x03BC	0x0DF6      	RLF        R4+2, 1
0x03BD	0x0DF7      	RLF        R4+3, 1
0x03BE	0x1074      	BCF        R4, 0
0x03BF	0x3000      	MOVLW      0
0x03C0	0x0520      	ANDWF      FloatToStr_un_L0, 0
0x03C1	0x00F0      	MOVWF      R0
0x03C2	0x3000      	MOVLW      0
0x03C3	0x0521      	ANDWF      FloatToStr_un_L0+1, 0
0x03C4	0x00F1      	MOVWF      R0+1
0x03C5	0x3000      	MOVLW      0
0x03C6	0x0522      	ANDWF      FloatToStr_un_L0+2, 0
0x03C7	0x00F2      	MOVWF      R0+2
0x03C8	0x30FF      	MOVLW      255
0x03C9	0x0523      	ANDWF      FloatToStr_un_L0+3, 0
0x03CA	0x00F3      	MOVWF      R0+3
0x03CB	0x0870      	MOVF       R0, 0
0x03CC	0x00A0      	MOVWF      FloatToStr_un_L0
0x03CD	0x0871      	MOVF       R0+1, 0
0x03CE	0x00A1      	MOVWF      FloatToStr_un_L0+1
0x03CF	0x0872      	MOVF       R0+2, 0
0x03D0	0x00A2      	MOVWF      FloatToStr_un_L0+2
0x03D1	0x0873      	MOVF       R0+3, 0
0x03D2	0x00A3      	MOVWF      FloatToStr_un_L0+3
0x03D3	0x0874      	MOVF       R4, 0
0x03D4	0x0420      	IORWF      FloatToStr_un_L0, 0
0x03D5	0x00F0      	MOVWF      R0
0x03D6	0x0875      	MOVF       R4+1, 0
0x03D7	0x0421      	IORWF      FloatToStr_un_L0+1, 0
0x03D8	0x00F1      	MOVWF      R0+1
0x03D9	0x0876      	MOVF       R4+2, 0
0x03DA	0x0422      	IORWF      FloatToStr_un_L0+2, 0
0x03DB	0x00F2      	MOVWF      R0+2
0x03DC	0x0877      	MOVF       R4+3, 0
0x03DD	0x0423      	IORWF      FloatToStr_un_L0+3, 0
0x03DE	0x00F3      	MOVWF      R0+3
0x03DF	0x0870      	MOVF       R0, 0
0x03E0	0x00A0      	MOVWF      FloatToStr_un_L0
0x03E1	0x0871      	MOVF       R0+1, 0
0x03E2	0x00A1      	MOVWF      FloatToStr_un_L0+1
0x03E3	0x0872      	MOVF       R0+2, 0
0x03E4	0x00A2      	MOVWF      FloatToStr_un_L0+2
0x03E5	0x0873      	MOVF       R0+3, 0
0x03E6	0x00A3      	MOVWF      FloatToStr_un_L0+3
0x03E7	0x307F      	MOVLW      127
0x03E8	0x0223      	SUBWF      FloatToStr_un_L0+3, 0
0x03E9	0x00F0      	MOVWF      R0
0x03EA	0x0870      	MOVF       R0, 0
0x03EB	0x1283      	BCF        STATUS, 5
0x03EC	0x00EE      	MOVWF      FloatToStr_d_L0
0x03ED	0x3001      	MOVLW      1
0x03EE	0x1683      	BSF        STATUS, 5
0x03EF	0x00A3      	MOVWF      FloatToStr_un_L0+3
0x03F0	0x0870      	MOVF       R0, 0
0x03F1	0x00F4      	MOVWF      R4
0x03F2	0x0820      	MOVF       FloatToStr_un_L0, 0
0x03F3	0x00F0      	MOVWF      R0
0x03F4	0x0821      	MOVF       FloatToStr_un_L0+1, 0
0x03F5	0x00F1      	MOVWF      R0+1
0x03F6	0x0822      	MOVF       FloatToStr_un_L0+2, 0
0x03F7	0x00F2      	MOVWF      R0+2
0x03F8	0x0823      	MOVF       FloatToStr_un_L0+3, 0
0x03F9	0x00F3      	MOVWF      R0+3
0x03FA	0x0874      	MOVF       R4, 0
L__FloatToStr419:
0x03FB	0x1903      	BTFSC      STATUS, 2
0x03FC	0x2C04      	GOTO       L__FloatToStr420
0x03FD	0x0DF0      	RLF        R0, 1
0x03FE	0x0DF1      	RLF        R0+1, 1
0x03FF	0x0DF2      	RLF        R0+2, 1
0x0400	0x0DF3      	RLF        R0+3, 1
0x0401	0x1070      	BCF        R0, 0
0x0402	0x3EFF      	ADDLW      255
0x0403	0x2BFB      	GOTO       L__FloatToStr419
L__FloatToStr420:
0x0404	0x0870      	MOVF       R0, 0
0x0405	0x00A0      	MOVWF      FloatToStr_un_L0
0x0406	0x0871      	MOVF       R0+1, 0
0x0407	0x00A1      	MOVWF      FloatToStr_un_L0+1
0x0408	0x0872      	MOVF       R0+2, 0
0x0409	0x00A2      	MOVWF      FloatToStr_un_L0+2
0x040A	0x0873      	MOVF       R0+3, 0
0x040B	0x00A3      	MOVWF      FloatToStr_un_L0+3
0x040C	0x0823      	MOVF       FloatToStr_un_L0+3, 0
0x040D	0x3E30      	ADDLW      48
0x040E	0x00F0      	MOVWF      R0
0x040F	0x1283      	BCF        STATUS, 5
0x0410	0x086C      	MOVF       FARG_FloatToStr_str, 0
0x0411	0x0084      	MOVWF      FSR
0x0412	0x0870      	MOVF       R0, 0
0x0413	0x0080      	MOVWF      INDF
0x0414	0x0AEC      	INCF       FARG_FloatToStr_str, 1
0x0415	0x3080      	MOVLW      128
0x0416	0x1683      	BSF        STATUS, 5
0x0417	0x0624      	XORWF      FloatToStr_dexpon_L0, 0
0x0418	0x00F0      	MOVWF      R0
0x0419	0x3080      	MOVLW      128
0x041A	0x3A01      	XORLW      1
0x041B	0x0270      	SUBWF      R0, 0
0x041C	0x1C03      	BTFSS      STATUS, 0
0x041D	0x2C27      	GOTO       L__FloatToStr346
0x041E	0x3080      	MOVLW      128
0x041F	0x3A06      	XORLW      6
0x0420	0x00F0      	MOVWF      R0
0x0421	0x3080      	MOVLW      128
0x0422	0x0624      	XORWF      FloatToStr_dexpon_L0, 0
0x0423	0x0270      	SUBWF      R0, 0
0x0424	0x1C03      	BTFSS      STATUS, 0
0x0425	0x2C27      	GOTO       L__FloatToStr346
0x0426	0x2C2F      	GOTO       L_FloatToStr100
L__FloatToStr346:
0x0427	0x1283      	BCF        STATUS, 5
0x0428	0x086C      	MOVF       FARG_FloatToStr_str, 0
0x0429	0x0084      	MOVWF      FSR
0x042A	0x302E      	MOVLW      46
0x042B	0x0080      	MOVWF      INDF
0x042C	0x0AEC      	INCF       FARG_FloatToStr_str, 1
0x042D	0x3001      	MOVLW      1
0x042E	0x00EF      	MOVWF      FloatToStr_bpoint_L0
L_FloatToStr100:
0x042F	0x1283      	BCF        STATUS, 5
0x0430	0x3006      	MOVLW      6
0x0431	0x00EE      	MOVWF      FloatToStr_d_L0
L_FloatToStr101:
0x0432	0x086E      	MOVF       FloatToStr_d_L0, 0
0x0433	0x3A00      	XORLW      0
0x0434	0x1903      	BTFSC      STATUS, 2
0x0435	0x2C93      	GOTO       L_FloatToStr102
0x0436	0x1683      	BSF        STATUS, 5
0x0437	0x01A3      	CLRF       FloatToStr_un_L0+3
0x0438	0x0820      	MOVF       FloatToStr_un_L0, 0
0x0439	0x00F0      	MOVWF      R0
0x043A	0x0821      	MOVF       FloatToStr_un_L0+1, 0
0x043B	0x00F1      	MOVWF      R0+1
0x043C	0x0822      	MOVF       FloatToStr_un_L0+2, 0
0x043D	0x00F2      	MOVWF      R0+2
0x043E	0x0823      	MOVF       FloatToStr_un_L0+3, 0
0x043F	0x00F3      	MOVWF      R0+3
0x0440	0x0DF0      	RLF        R0, 1
0x0441	0x0DF1      	RLF        R0+1, 1
0x0442	0x0DF2      	RLF        R0+2, 1
0x0443	0x0DF3      	RLF        R0+3, 1
0x0444	0x1070      	BCF        R0, 0
0x0445	0x0DF0      	RLF        R0, 1
0x0446	0x0DF1      	RLF        R0+1, 1
0x0447	0x0DF2      	RLF        R0+2, 1
0x0448	0x0DF3      	RLF        R0+3, 1
0x0449	0x1070      	BCF        R0, 0
0x044A	0x0820      	MOVF       FloatToStr_un_L0, 0
0x044B	0x07F0      	ADDWF      R0, 1
0x044C	0x0821      	MOVF       FloatToStr_un_L0+1, 0
0x044D	0x1803      	BTFSC      STATUS, 0
0x044E	0x0F21      	INCFSZ     FloatToStr_un_L0+1, 0
0x044F	0x07F1      	ADDWF      R0+1, 1
0x0450	0x0822      	MOVF       FloatToStr_un_L0+2, 0
0x0451	0x1803      	BTFSC      STATUS, 0
0x0452	0x0F22      	INCFSZ     FloatToStr_un_L0+2, 0
0x0453	0x07F2      	ADDWF      R0+2, 1
0x0454	0x0823      	MOVF       FloatToStr_un_L0+3, 0
0x0455	0x1803      	BTFSC      STATUS, 0
0x0456	0x0F23      	INCFSZ     FloatToStr_un_L0+3, 0
0x0457	0x07F3      	ADDWF      R0+3, 1
0x0458	0x0870      	MOVF       R0, 0
0x0459	0x00A0      	MOVWF      FloatToStr_un_L0
0x045A	0x0871      	MOVF       R0+1, 0
0x045B	0x00A1      	MOVWF      FloatToStr_un_L0+1
0x045C	0x0872      	MOVF       R0+2, 0
0x045D	0x00A2      	MOVWF      FloatToStr_un_L0+2
0x045E	0x0873      	MOVF       R0+3, 0
0x045F	0x00A3      	MOVWF      FloatToStr_un_L0+3
0x0460	0x0820      	MOVF       FloatToStr_un_L0, 0
0x0461	0x00F0      	MOVWF      R0
0x0462	0x0821      	MOVF       FloatToStr_un_L0+1, 0
0x0463	0x00F1      	MOVWF      R0+1
0x0464	0x0822      	MOVF       FloatToStr_un_L0+2, 0
0x0465	0x00F2      	MOVWF      R0+2
0x0466	0x0823      	MOVF       FloatToStr_un_L0+3, 0
0x0467	0x00F3      	MOVWF      R0+3
0x0468	0x0DF0      	RLF        R0, 1
0x0469	0x0DF1      	RLF        R0+1, 1
0x046A	0x0DF2      	RLF        R0+2, 1
0x046B	0x0DF3      	RLF        R0+3, 1
0x046C	0x1070      	BCF        R0, 0
0x046D	0x0870      	MOVF       R0, 0
0x046E	0x00A0      	MOVWF      FloatToStr_un_L0
0x046F	0x0871      	MOVF       R0+1, 0
0x0470	0x00A1      	MOVWF      FloatToStr_un_L0+1
0x0471	0x0872      	MOVF       R0+2, 0
0x0472	0x00A2      	MOVWF      FloatToStr_un_L0+2
0x0473	0x0873      	MOVF       R0+3, 0
0x0474	0x00A3      	MOVWF      FloatToStr_un_L0+3
0x0475	0x0823      	MOVF       FloatToStr_un_L0+3, 0
0x0476	0x3E30      	ADDLW      48
0x0477	0x00F0      	MOVWF      R0
0x0478	0x1283      	BCF        STATUS, 5
0x0479	0x086C      	MOVF       FARG_FloatToStr_str, 0
0x047A	0x0084      	MOVWF      FSR
0x047B	0x0870      	MOVF       R0, 0
0x047C	0x0080      	MOVWF      INDF
0x047D	0x0AEC      	INCF       FARG_FloatToStr_str, 1
0x047E	0x086F      	MOVF       FloatToStr_bpoint_L0, 0
0x047F	0x3A00      	XORLW      0
0x0480	0x1D03      	BTFSS      STATUS, 2
0x0481	0x2C90      	GOTO       L_FloatToStr104
0x0482	0x1683      	BSF        STATUS, 5
0x0483	0x03A4      	DECF       FloatToStr_dexpon_L0, 1
0x0484	0x0824      	MOVF       FloatToStr_dexpon_L0, 0
0x0485	0x3A00      	XORLW      0
0x0486	0x1D03      	BTFSS      STATUS, 2
0x0487	0x2C90      	GOTO       L_FloatToStr105
0x0488	0x1283      	BCF        STATUS, 5
0x0489	0x086C      	MOVF       FARG_FloatToStr_str, 0
0x048A	0x0084      	MOVWF      FSR
0x048B	0x302E      	MOVLW      46
0x048C	0x0080      	MOVWF      INDF
0x048D	0x0AEC      	INCF       FARG_FloatToStr_str, 1
0x048E	0x3001      	MOVLW      1
0x048F	0x00EF      	MOVWF      FloatToStr_bpoint_L0
L_FloatToStr105:
L_FloatToStr104:
0x0490	0x1283      	BCF        STATUS, 5
0x0491	0x03EE      	DECF       FloatToStr_d_L0, 1
0x0492	0x2C32      	GOTO       L_FloatToStr101
L_FloatToStr102:
L_FloatToStr106:
0x0493	0x30FF      	MOVLW      255
0x0494	0x076C      	ADDWF      FARG_FloatToStr_str, 0
0x0495	0x0084      	MOVWF      FSR
0x0496	0x0800      	MOVF       INDF, 0
0x0497	0x3A30      	XORLW      48
0x0498	0x1D03      	BTFSS      STATUS, 2
0x0499	0x2C9C      	GOTO       L_FloatToStr107
0x049A	0x03EC      	DECF       FARG_FloatToStr_str, 1
0x049B	0x2C93      	GOTO       L_FloatToStr106
L_FloatToStr107:
0x049C	0x30FF      	MOVLW      255
0x049D	0x076C      	ADDWF      FARG_FloatToStr_str, 0
0x049E	0x0084      	MOVWF      FSR
0x049F	0x0800      	MOVF       INDF, 0
0x04A0	0x3A2E      	XORLW      46
0x04A1	0x1D03      	BTFSS      STATUS, 2
0x04A2	0x2CA4      	GOTO       L_FloatToStr108
0x04A3	0x03EC      	DECF       FARG_FloatToStr_str, 1
L_FloatToStr108:
0x04A4	0x1683      	BSF        STATUS, 5
0x04A5	0x0824      	MOVF       FloatToStr_dexpon_L0, 0
0x04A6	0x3A00      	XORLW      0
0x04A7	0x1903      	BTFSC      STATUS, 2
0x04A8	0x2CEA      	GOTO       L_FloatToStr109
0x04A9	0x1283      	BCF        STATUS, 5
0x04AA	0x086C      	MOVF       FARG_FloatToStr_str, 0
0x04AB	0x0084      	MOVWF      FSR
0x04AC	0x3065      	MOVLW      101
0x04AD	0x0080      	MOVWF      INDF
0x04AE	0x0AEC      	INCF       FARG_FloatToStr_str, 1
0x04AF	0x3080      	MOVLW      128
0x04B0	0x1683      	BSF        STATUS, 5
0x04B1	0x0624      	XORWF      FloatToStr_dexpon_L0, 0
0x04B2	0x00F0      	MOVWF      R0
0x04B3	0x3080      	MOVLW      128
0x04B4	0x3A00      	XORLW      0
0x04B5	0x0270      	SUBWF      R0, 0
0x04B6	0x1803      	BTFSC      STATUS, 0
0x04B7	0x2CC2      	GOTO       L_FloatToStr110
0x04B8	0x1283      	BCF        STATUS, 5
0x04B9	0x086C      	MOVF       FARG_FloatToStr_str, 0
0x04BA	0x0084      	MOVWF      FSR
0x04BB	0x302D      	MOVLW      45
0x04BC	0x0080      	MOVWF      INDF
0x04BD	0x0AEC      	INCF       FARG_FloatToStr_str, 1
0x04BE	0x1683      	BSF        STATUS, 5
0x04BF	0x0824      	MOVF       FloatToStr_dexpon_L0, 0
0x04C0	0x3C00      	SUBLW      0
0x04C1	0x00A4      	MOVWF      FloatToStr_dexpon_L0
L_FloatToStr110:
0x04C2	0x0824      	MOVF       FloatToStr_dexpon_L0, 0
0x04C3	0x1283      	BCF        STATUS, 5
0x04C4	0x00EE      	MOVWF      FloatToStr_d_L0
0x04C5	0x3080      	MOVLW      128
0x04C6	0x3A09      	XORLW      9
0x04C7	0x00F0      	MOVWF      R0
0x04C8	0x3080      	MOVLW      128
0x04C9	0x1683      	BSF        STATUS, 5
0x04CA	0x0624      	XORWF      FloatToStr_dexpon_L0, 0
0x04CB	0x0270      	SUBWF      R0, 0
0x04CC	0x1803      	BTFSC      STATUS, 0
0x04CD	0x2CDB      	GOTO       L_FloatToStr111
0x04CE	0x300A      	MOVLW      10
0x04CF	0x00F4      	MOVWF      R4
0x04D0	0x1283      	BCF        STATUS, 5
0x04D1	0x086E      	MOVF       FloatToStr_d_L0, 0
0x04D2	0x00F0      	MOVWF      R0
0x04D3	0x20CD      	CALL       _Div_8X8_S
0x04D4	0x3030      	MOVLW      48
0x04D5	0x07F0      	ADDWF      R0, 1
0x04D6	0x086C      	MOVF       FARG_FloatToStr_str, 0
0x04D7	0x0084      	MOVWF      FSR
0x04D8	0x0870      	MOVF       R0, 0
0x04D9	0x0080      	MOVWF      INDF
0x04DA	0x0AEC      	INCF       FARG_FloatToStr_str, 1
L_FloatToStr111:
0x04DB	0x1283      	BCF        STATUS, 5
0x04DC	0x300A      	MOVLW      10
0x04DD	0x00F4      	MOVWF      R4
0x04DE	0x086E      	MOVF       FloatToStr_d_L0, 0
0x04DF	0x00F0      	MOVWF      R0
0x04E0	0x20CD      	CALL       _Div_8X8_S
0x04E1	0x0878      	MOVF       R8, 0
0x04E2	0x00F0      	MOVWF      R0
0x04E3	0x3030      	MOVLW      48
0x04E4	0x07F0      	ADDWF      R0, 1
0x04E5	0x086C      	MOVF       FARG_FloatToStr_str, 0
0x04E6	0x0084      	MOVWF      FSR
0x04E7	0x0870      	MOVF       R0, 0
0x04E8	0x0080      	MOVWF      INDF
0x04E9	0x0AEC      	INCF       FARG_FloatToStr_str, 1
L_FloatToStr109:
0x04EA	0x1283      	BCF        STATUS, 5
0x04EB	0x086C      	MOVF       FARG_FloatToStr_str, 0
0x04EC	0x0084      	MOVWF      FSR
0x04ED	0x0180      	CLRF       INDF
0x04EE	0x01F0      	CLRF       R0
L_end_FloatToStr:
0x04EF	0x0008      	RETURN
; end of _FloatToStr
_UART1_Write_Text:
0x04F0	0x1283      	BCF        STATUS, 5
0x04F1	0x1303      	BCF        STATUS, 6
0x04F2	0x01EA      	CLRF       UART1_Write_Text_counter_L0
0x04F3	0x0868      	MOVF       FARG_UART1_Write_Text_uart_text, 0
0x04F4	0x0084      	MOVWF      FSR
0x04F5	0x0800      	MOVF       INDF, 0
0x04F6	0x00E9      	MOVWF      UART1_Write_Text_data__L0
L_UART1_Write_Text5:
0x04F7	0x0869      	MOVF       UART1_Write_Text_data__L0, 0
0x04F8	0x3A00      	XORLW      0
0x04F9	0x1903      	BTFSC      STATUS, 2
0x04FA	0x2D06      	GOTO       L_UART1_Write_Text6
0x04FB	0x0869      	MOVF       UART1_Write_Text_data__L0, 0
0x04FC	0x1683      	BSF        STATUS, 5
0x04FD	0x00A5      	MOVWF      FARG_UART1_Write_data_
0x04FE	0x211E      	CALL       _UART1_Write
0x04FF	0x0AEA      	INCF       UART1_Write_Text_counter_L0, 1
0x0500	0x086A      	MOVF       UART1_Write_Text_counter_L0, 0
0x0501	0x0768      	ADDWF      FARG_UART1_Write_Text_uart_text, 0
0x0502	0x0084      	MOVWF      FSR
0x0503	0x0800      	MOVF       INDF, 0
0x0504	0x00E9      	MOVWF      UART1_Write_Text_data__L0
0x0505	0x2CF7      	GOTO       L_UART1_Write_Text5
L_UART1_Write_Text6:
L_end_UART1_Write_Text:
0x0506	0x0008      	RETURN
; end of _UART1_Write_Text
_byte2double:
0x0507	0x1283      	BCF        STATUS, 5
0x0508	0x1303      	BCF        STATUS, 6
0x0509	0x0870      	MOVF       R0, 0
0x050A	0x00F8      	MOVWF      R8
0x050B	0x01FB      	CLRF       R11
0x050C	0x01FC      	CLRF       R12
0x050D	0x309E      	MOVLW      158
0x050E	0x00F3      	MOVWF      R3
0x050F	0x01FA      	CLRF       R10
0x0510	0x01F2      	CLRF       R2
0x0511	0x01F1      	CLRF       R1
0x0512	0x01F0      	CLRF       R0
0x0513	0x3002      	MOVLW      2
0x0514	0x00FC      	MOVWF      R12
0x0515	0x2132      	CALL       _NRM4032
L_end_byte2double:
0x0516	0x0008      	RETURN
; end of _byte2double
_clock:
0x0517	0x1683      	BSF        STATUS, 5
0x0518	0x1303      	BCF        STATUS, 6
0x0519	0x120F      	BCF        IRCF0_bit, BitPos(IRCF0_bit+0)
0x051A	0x168F      	BSF        IRCF1_bit, BitPos(IRCF1_bit+0)
0x051B	0x170F      	BSF        IRCF2_bit, BitPos(IRCF2_bit+0)
L_clock0:
0x051C	0x190F      	BTFSC      HTS_bit, BitPos(HTS_bit+0)
0x051D	0x2D1F      	GOTO       L_clock1
0x051E	0x2D1C      	GOTO       L_clock0
L_clock1:
0x051F	0x300D      	MOVLW      13
0x0520	0x00FC      	MOVWF      R12
0x0521	0x30FB      	MOVLW      251
0x0522	0x00FD      	MOVWF      R13
L_clock2:
0x0523	0x0BFD      	DECFSZ     R13, 1
0x0524	0x2D23      	GOTO       L_clock2
0x0525	0x0BFC      	DECFSZ     R12, 1
0x0526	0x2D23      	GOTO       L_clock2
0x0527	0x0000      	NOP
0x0528	0x0000      	NOP
L_end_clock:
0x0529	0x0008      	RETURN
; end of _clock
___CC2DW:
_CC2D_Loop1:
0x052A	0x212B      	CALL       _____DoICP
0x052B	0x118A      	BCF        PCLATH, 3
0x052C	0x120A      	BCF        PCLATH, 4
0x052D	0x0080      	MOVWF      INDF
0x052E	0x0A84      	INCF       FSR, 1
0x052F	0x0AAD      	INCF       ___DoICPAddr, 1
0x0530	0x1903      	BTFSC      STATUS, 2
0x0531	0x0AAE      	INCF       ___DoICPAddr+1, 1
0x0532	0x03F0      	DECF       R0, 1
0x0533	0x1D03      	BTFSS      STATUS, 2
0x0534	0x2D2A      	GOTO       _CC2D_Loop1
L_end___CC2DW:
0x0535	0x0008      	RETURN
; end of ___CC2DW
_Add_32x32_FP:
0x0536	0x1283      	BCF        STATUS, 5
0x0537	0x1303      	BCF        STATUS, 6
0x0538	0x0872      	MOVF       R2, 0
0x0539	0x0676      	XORWF      R6, 0
0x053A	0x00A0      	MOVWF      __math_tempbD
0x053B	0x01F8      	CLRF       R8
0x053C	0x01F9      	CLRF       R9
0x053D	0x0873      	MOVF       R3, 0
0x053E	0x0277      	SUBWF      R7, 0
0x053F	0x1C03      	BTFSS      STATUS, 0
0x0540	0x2D59      	GOTO       USEA32
0x0541	0x0877      	MOVF       R7, 0
0x0542	0x00FD      	MOVWF      R13
0x0543	0x0873      	MOVF       R3, 0
0x0544	0x00F7      	MOVWF      R7
0x0545	0x087D      	MOVF       R13, 0
0x0546	0x00F3      	MOVWF      R3
0x0547	0x0876      	MOVF       R6, 0
0x0548	0x00FD      	MOVWF      R13
0x0549	0x0872      	MOVF       R2, 0
0x054A	0x00F6      	MOVWF      R6
0x054B	0x087D      	MOVF       R13, 0
0x054C	0x00F2      	MOVWF      R2
0x054D	0x0875      	MOVF       R5, 0
0x054E	0x00FD      	MOVWF      R13
0x054F	0x0871      	MOVF       R1, 0
0x0550	0x00F5      	MOVWF      R5
0x0551	0x087D      	MOVF       R13, 0
0x0552	0x00F1      	MOVWF      R1
0x0553	0x0874      	MOVF       R4, 0
0x0554	0x00FD      	MOVWF      R13
0x0555	0x0870      	MOVF       R0, 0
0x0556	0x00F4      	MOVWF      R4
0x0557	0x087D      	MOVF       R13, 0
0x0558	0x00F0      	MOVWF      R0
USEA32:
0x0559	0x0877      	MOVF       R7, 0
0x055A	0x1903      	BTFSC      STATUS, 2
0x055B	0x2DD2      	GOTO       JMPEEE
0x055C	0x0872      	MOVF       R2, 0
0x055D	0x00FA      	MOVWF      R10
0x055E	0x17F2      	BSF        R2, 7
0x055F	0x17F6      	BSF        R6, 7
0x0560	0x0877      	MOVF       R7, 0
0x0561	0x0273      	SUBWF      R3, 0
0x0562	0x00F7      	MOVWF      R7
0x0563	0x1903      	BTFSC      STATUS, 2
0x0564	0x2D8C      	GOTO       ALIGNED32
0x0565	0x3008      	MOVLW      8
0x0566	0x0277      	SUBWF      R7, 0
0x0567	0x1C03      	BTFSS      STATUS, 0
0x0568	0x2D82      	GOTO       ALIGNB32
0x0569	0x00F7      	MOVWF      R7
0x056A	0x0874      	MOVF       R4, 0
0x056B	0x00F9      	MOVWF      R9
0x056C	0x0875      	MOVF       R5, 0
0x056D	0x00F4      	MOVWF      R4
0x056E	0x0876      	MOVF       R6, 0
0x056F	0x00F5      	MOVWF      R5
0x0570	0x01F6      	CLRF       R6
0x0571	0x3008      	MOVLW      8
0x0572	0x0277      	SUBWF      R7, 0
0x0573	0x1C03      	BTFSS      STATUS, 0
0x0574	0x2D82      	GOTO       ALIGNB32
0x0575	0x00F7      	MOVWF      R7
0x0576	0x0874      	MOVF       R4, 0
0x0577	0x00F9      	MOVWF      R9
0x0578	0x0875      	MOVF       R5, 0
0x0579	0x00F4      	MOVWF      R4
0x057A	0x01F5      	CLRF       R5
0x057B	0x3008      	MOVLW      8
0x057C	0x0277      	SUBWF      R7, 0
0x057D	0x1C03      	BTFSS      STATUS, 0
0x057E	0x2D82      	GOTO       ALIGNB32
0x057F	0x087A      	MOVF       R10, 0
0x0580	0x00F2      	MOVWF      R2
0x0581	0x2DD2      	GOTO       JMPEEE
ALIGNB32:
0x0582	0x0877      	MOVF       R7, 0
0x0583	0x1903      	BTFSC      STATUS, 2
0x0584	0x2D8C      	GOTO       ALIGNED32
ALOOPB32:
0x0585	0x1003      	BCF        STATUS, 0
0x0586	0x0CF6      	RRF        R6, 1
0x0587	0x0CF5      	RRF        R5, 1
0x0588	0x0CF4      	RRF        R4, 1
0x0589	0x0CF9      	RRF        R9, 1
0x058A	0x0BF7      	DECFSZ     R7, 1
0x058B	0x2D85      	GOTO       ALOOPB32
ALIGNED32:
0x058C	0x1FA0      	BTFSS      __math_tempbD, 7
0x058D	0x2D99      	GOTO       AOK32
0x058E	0x09F9      	COMF       R9, 1
0x058F	0x09F4      	COMF       R4, 1
0x0590	0x09F5      	COMF       R5, 1
0x0591	0x09F6      	COMF       R6, 1
0x0592	0x0AF9      	INCF       R9, 1
0x0593	0x1903      	BTFSC      STATUS, 2
0x0594	0x0AF4      	INCF       R4, 1
0x0595	0x1903      	BTFSC      STATUS, 2
0x0596	0x0AF5      	INCF       R5, 1
0x0597	0x1903      	BTFSC      STATUS, 2
0x0598	0x0AF6      	INCF       R6, 1
AOK32:
0x0599	0x0879      	MOVF       R9, 0
0x059A	0x07F8      	ADDWF      R8, 1
0x059B	0x0874      	MOVF       R4, 0
0x059C	0x1803      	BTFSC      STATUS, 0
0x059D	0x0F74      	INCFSZ     R4, 0
0x059E	0x07F0      	ADDWF      R0, 1
0x059F	0x0875      	MOVF       R5, 0
0x05A0	0x1803      	BTFSC      STATUS, 0
0x05A1	0x0F75      	INCFSZ     R5, 0
0x05A2	0x07F1      	ADDWF      R1, 1
0x05A3	0x0876      	MOVF       R6, 0
0x05A4	0x1803      	BTFSC      STATUS, 0
0x05A5	0x0F76      	INCFSZ     R6, 0
0x05A6	0x07F2      	ADDWF      R2, 1
0x05A7	0x1BA0      	BTFSC      __math_tempbD, 7
0x05A8	0x2DB2      	GOTO       ACOMP32
0x05A9	0x1C03      	BTFSS      STATUS, 0
0x05AA	0x2DC2      	GOTO       JMPNRMRND4032
0x05AB	0x0CF2      	RRF        R2, 1
0x05AC	0x0CF1      	RRF        R1, 1
0x05AD	0x0CF0      	RRF        R0, 1
0x05AE	0x0CF8      	RRF        R8, 1
0x05AF	0x0FF3      	INCFSZ     R3, 1
0x05B0	0x2DC2      	GOTO       JMPNRMRND4032
0x05B1	0x2DCE      	GOTO       ADD_JMPSETFOV32
ACOMP32:
0x05B2	0x1803      	BTFSC      STATUS, 0
0x05B3	0x2DC6      	GOTO       JMPNRM4032
0x05B4	0x09F8      	COMF       R8, 1
0x05B5	0x09F0      	COMF       R0, 1
0x05B6	0x09F1      	COMF       R1, 1
0x05B7	0x09F2      	COMF       R2, 1
0x05B8	0x0AF8      	INCF       R8, 1
0x05B9	0x1903      	BTFSC      STATUS, 2
0x05BA	0x0AF0      	INCF       R0, 1
0x05BB	0x1903      	BTFSC      STATUS, 2
0x05BC	0x0AF1      	INCF       R1, 1
0x05BD	0x1903      	BTFSC      STATUS, 2
0x05BE	0x0AF2      	INCF       R2, 1
0x05BF	0x3080      	MOVLW      128
0x05C0	0x06FA      	XORWF      R10, 1
0x05C1	0x2DCA      	GOTO       JMPNRM32
JMPNRMRND4032:
0x05C2	0x3001      	MOVLW      1
0x05C3	0x00FC      	MOVWF      R12
0x05C4	0x2132      	CALL       _NRM4032
0x05C5	0x2DD4      	GOTO       ADD32EEE
JMPNRM4032:
0x05C6	0x3002      	MOVLW      2
0x05C7	0x00FC      	MOVWF      R12
0x05C8	0x2132      	CALL       _NRM4032
0x05C9	0x2DD4      	GOTO       ADD32EEE
JMPNRM32:
0x05CA	0x3004      	MOVLW      4
0x05CB	0x00FC      	MOVWF      R12
0x05CC	0x21DC      	CALL       _NRM3232
0x05CD	0x2DD4      	GOTO       ADD32EEE
ADD_JMPSETFOV32:
0x05CE	0x3008      	MOVLW      8
0x05CF	0x00FC      	MOVWF      R12
0x05D0	0x2035      	CALL       _SETFOV32
0x05D1	0x2DD4      	GOTO       ADD32EEE
JMPEEE:
0x05D2	0x3000      	MOVLW      0
0x05D3	0x00FC      	MOVWF      R12
ADD32EEE:
0x05D4	0x0000      	NOP
L_end_Add_32x32_FP:
0x05D5	0x0008      	RETURN
; end of _Add_32x32_FP
_config:
0x05D6	0x1683      	BSF        STATUS, 5
0x05D7	0x1703      	BSF        STATUS, 6
0x05D8	0x0188      	CLRF       ANSEL
0x05D9	0x0189      	CLRF       ANSELH
0x05DA	0x30FF      	MOVLW      255
0x05DB	0x1303      	BCF        STATUS, 6
0x05DC	0x0085      	MOVWF      TRISA
0x05DD	0x30FF      	MOVLW      255
0x05DE	0x0086      	MOVWF      TRISB
0x05DF	0x30FE      	MOVLW      254
0x05E0	0x0087      	MOVWF      TRISC
0x05E1	0x3031      	MOVLW      49
0x05E2	0x1283      	BCF        STATUS, 5
0x05E3	0x0090      	MOVWF      T1CON
0x05E4	0x30DC      	MOVLW      220
0x05E5	0x008E      	MOVWF      TMR1L
0x05E6	0x300B      	MOVLW      11
0x05E7	0x008F      	MOVWF      TMR1H
0x05E8	0x1683      	BSF        STATUS, 5
0x05E9	0x140C      	BSF        TMR1IE_bit, BitPos(TMR1IE_bit+0)
0x05EA	0x1701      	BSF        INTEDG_bit, BitPos(INTEDG_bit+0)
0x05EB	0x30D0      	MOVLW      208
0x05EC	0x008B      	MOVWF      INTCON
0x05ED	0x3019      	MOVLW      25
0x05EE	0x0099      	MOVWF      SPBRG
0x05EF	0x1518      	BSF        TXSTA, 2
0x05F0	0x2041      	CALL       _UART1_Init
L_end_config:
0x05F1	0x0008      	RETURN
; end of _config
_main:
0x05F2	0x26D0      	CALL       1744
0x05F3	0x1283      	BCF        STATUS, 5
0x05F4	0x1303      	BCF        STATUS, 6
0x05F5	0x01D1      	CLRF       main_volume_L0
0x05F6	0x01D2      	CLRF       main_volume_L0+1
0x05F7	0x01D3      	CLRF       main_volume_L0+2
0x05F8	0x01D4      	CLRF       main_volume_L0+3
0x05F9	0x2517      	CALL       _clock
0x05FA	0x25D6      	CALL       _config
L_main5:
0x05FB	0x3002      	MOVLW      2
0x05FC	0x0222      	SUBWF      _time, 0
0x05FD	0x1C03      	BTFSS      STATUS, 0
0x05FE	0x2E98      	GOTO       L_main7
0x05FF	0x0821      	MOVF       _pulses, 0
0x0600	0x00F0      	MOVWF      R0
0x0601	0x2507      	CALL       _byte2double
0x0602	0x3000      	MOVLW      0
0x0603	0x00F4      	MOVWF      R4
0x0604	0x3000      	MOVLW      0
0x0605	0x00F5      	MOVWF      R4+1
0x0606	0x3061      	MOVLW      97
0x0607	0x00F6      	MOVWF      R4+2
0x0608	0x3087      	MOVLW      135
0x0609	0x00F7      	MOVWF      R4+3
0x060A	0x220B      	CALL       _Div_32x32_FP
0x060B	0x0870      	MOVF       R0, 0
0x060C	0x00E4      	MOVWF      FLOC__main
0x060D	0x0871      	MOVF       R0+1, 0
0x060E	0x00E5      	MOVWF      FLOC__main+1
0x060F	0x0872      	MOVF       R0+2, 0
0x0610	0x00E6      	MOVWF      FLOC__main+2
0x0611	0x0873      	MOVF       R0+3, 0
0x0612	0x00E7      	MOVWF      FLOC__main+3
0x0613	0x0851      	MOVF       main_volume_L0, 0
0x0614	0x00F0      	MOVWF      R0
0x0615	0x0852      	MOVF       main_volume_L0+1, 0
0x0616	0x00F1      	MOVWF      R0+1
0x0617	0x0853      	MOVF       main_volume_L0+2, 0
0x0618	0x00F2      	MOVWF      R0+2
0x0619	0x0854      	MOVF       main_volume_L0+3, 0
0x061A	0x00F3      	MOVWF      R0+3
0x061B	0x0864      	MOVF       FLOC__main, 0
0x061C	0x00F4      	MOVWF      R4
0x061D	0x0865      	MOVF       FLOC__main+1, 0
0x061E	0x00F5      	MOVWF      R4+1
0x061F	0x0866      	MOVF       FLOC__main+2, 0
0x0620	0x00F6      	MOVWF      R4+2
0x0621	0x0867      	MOVF       FLOC__main+3, 0
0x0622	0x00F7      	MOVWF      R4+3
0x0623	0x2536      	CALL       _Add_32x32_FP
0x0624	0x0870      	MOVF       R0, 0
0x0625	0x00D1      	MOVWF      main_volume_L0
0x0626	0x0871      	MOVF       R0+1, 0
0x0627	0x00D2      	MOVWF      main_volume_L0+1
0x0628	0x0872      	MOVF       R0+2, 0
0x0629	0x00D3      	MOVWF      main_volume_L0+2
0x062A	0x0873      	MOVF       R0+3, 0
0x062B	0x00D4      	MOVWF      main_volume_L0+3
0x062C	0x0864      	MOVF       FLOC__main, 0
0x062D	0x00E8      	MOVWF      FARG_FloatToStr_fnum
0x062E	0x0865      	MOVF       FLOC__main+1, 0
0x062F	0x00E9      	MOVWF      FARG_FloatToStr_fnum+1
0x0630	0x0866      	MOVF       FLOC__main+2, 0
0x0631	0x00EA      	MOVWF      FARG_FloatToStr_fnum+2
0x0632	0x0867      	MOVF       FLOC__main+3, 0
0x0633	0x00EB      	MOVWF      FARG_FloatToStr_fnum+3
0x0634	0x3055      	MOVLW      main_txt_L0
0x0635	0x00EC      	MOVWF      FARG_FloatToStr_str
0x0636	0x22C2      	CALL       _FloatToStr
0x0637	0x3057      	MOVLW      87
0x0638	0x1283      	BCF        STATUS, 5
0x0639	0x1303      	BCF        STATUS, 6
0x063A	0x00B1      	MOVWF      ?lstr1_SensorFlujo
0x063B	0x3061      	MOVLW      97
0x063C	0x00B2      	MOVWF      ?lstr1_SensorFlujo+1
0x063D	0x3074      	MOVLW      116
0x063E	0x00B3      	MOVWF      ?lstr1_SensorFlujo+2
0x063F	0x3065      	MOVLW      101
0x0640	0x00B4      	MOVWF      ?lstr1_SensorFlujo+3
0x0641	0x3072      	MOVLW      114
0x0642	0x00B5      	MOVWF      ?lstr1_SensorFlujo+4
0x0643	0x3066      	MOVLW      102
0x0644	0x00B6      	MOVWF      ?lstr1_SensorFlujo+5
0x0645	0x306C      	MOVLW      108
0x0646	0x00B7      	MOVWF      ?lstr1_SensorFlujo+6
0x0647	0x306F      	MOVLW      111
0x0648	0x00B8      	MOVWF      ?lstr1_SensorFlujo+7
0x0649	0x3077      	MOVLW      119
0x064A	0x00B9      	MOVWF      ?lstr1_SensorFlujo+8
0x064B	0x303A      	MOVLW      58
0x064C	0x00BA      	MOVWF      ?lstr1_SensorFlujo+9
0x064D	0x3020      	MOVLW      32
0x064E	0x00BB      	MOVWF      ?lstr1_SensorFlujo+10
0x064F	0x01BC      	CLRF       ?lstr1_SensorFlujo+11
0x0650	0x3031      	MOVLW      ?lstr1_SensorFlujo
0x0651	0x00E8      	MOVWF      FARG_UART1_Write_Text_uart_text
0x0652	0x24F0      	CALL       _UART1_Write_Text
0x0653	0x3055      	MOVLW      main_txt_L0
0x0654	0x00E8      	MOVWF      FARG_UART1_Write_Text_uart_text
0x0655	0x24F0      	CALL       _UART1_Write_Text
0x0656	0x3020      	MOVLW      32
0x0657	0x00BD      	MOVWF      ?lstr2_SensorFlujo
0x0658	0x304C      	MOVLW      76
0x0659	0x00BE      	MOVWF      ?lstr2_SensorFlujo+1
0x065A	0x302F      	MOVLW      47
0x065B	0x00BF      	MOVWF      ?lstr2_SensorFlujo+2
0x065C	0x3073      	MOVLW      115
0x065D	0x00C0      	MOVWF      ?lstr2_SensorFlujo+3
0x065E	0x302C      	MOVLW      44
0x065F	0x00C1      	MOVWF      ?lstr2_SensorFlujo+4
0x0660	0x01C2      	CLRF       ?lstr2_SensorFlujo+5
0x0661	0x303D      	MOVLW      ?lstr2_SensorFlujo
0x0662	0x00E8      	MOVWF      FARG_UART1_Write_Text_uart_text
0x0663	0x24F0      	CALL       _UART1_Write_Text
0x0664	0x0851      	MOVF       main_volume_L0, 0
0x0665	0x00E8      	MOVWF      FARG_FloatToStr_fnum
0x0666	0x0852      	MOVF       main_volume_L0+1, 0
0x0667	0x00E9      	MOVWF      FARG_FloatToStr_fnum+1
0x0668	0x0853      	MOVF       main_volume_L0+2, 0
0x0669	0x00EA      	MOVWF      FARG_FloatToStr_fnum+2
0x066A	0x0854      	MOVF       main_volume_L0+3, 0
0x066B	0x00EB      	MOVWF      FARG_FloatToStr_fnum+3
0x066C	0x3055      	MOVLW      main_txt_L0
0x066D	0x00EC      	MOVWF      FARG_FloatToStr_str
0x066E	0x22C2      	CALL       _FloatToStr
0x066F	0x3020      	MOVLW      32
0x0670	0x1283      	BCF        STATUS, 5
0x0671	0x1303      	BCF        STATUS, 6
0x0672	0x00C3      	MOVWF      ?lstr3_SensorFlujo
0x0673	0x3056      	MOVLW      86
0x0674	0x00C4      	MOVWF      ?lstr3_SensorFlujo+1
0x0675	0x306F      	MOVLW      111
0x0676	0x00C5      	MOVWF      ?lstr3_SensorFlujo+2
0x0677	0x306C      	MOVLW      108
0x0678	0x00C6      	MOVWF      ?lstr3_SensorFlujo+3
0x0679	0x3075      	MOVLW      117
0x067A	0x00C7      	MOVWF      ?lstr3_SensorFlujo+4
0x067B	0x306D      	MOVLW      109
0x067C	0x00C8      	MOVWF      ?lstr3_SensorFlujo+5
0x067D	0x3065      	MOVLW      101
0x067E	0x00C9      	MOVWF      ?lstr3_SensorFlujo+6
0x067F	0x303A      	MOVLW      58
0x0680	0x00CA      	MOVWF      ?lstr3_SensorFlujo+7
0x0681	0x3020      	MOVLW      32
0x0682	0x00CB      	MOVWF      ?lstr3_SensorFlujo+8
0x0683	0x01CC      	CLRF       ?lstr3_SensorFlujo+9
0x0684	0x3043      	MOVLW      ?lstr3_SensorFlujo
0x0685	0x00E8      	MOVWF      FARG_UART1_Write_Text_uart_text
0x0686	0x24F0      	CALL       _UART1_Write_Text
0x0687	0x3055      	MOVLW      main_txt_L0
0x0688	0x00E8      	MOVWF      FARG_UART1_Write_Text_uart_text
0x0689	0x24F0      	CALL       _UART1_Write_Text
0x068A	0x3020      	MOVLW      32
0x068B	0x00CD      	MOVWF      ?lstr4_SensorFlujo
0x068C	0x304C      	MOVLW      76
0x068D	0x00CE      	MOVWF      ?lstr4_SensorFlujo+1
0x068E	0x3020      	MOVLW      32
0x068F	0x00CF      	MOVWF      ?lstr4_SensorFlujo+2
0x0690	0x01D0      	CLRF       ?lstr4_SensorFlujo+3
0x0691	0x304D      	MOVLW      ?lstr4_SensorFlujo
0x0692	0x00E8      	MOVWF      FARG_UART1_Write_Text_uart_text
0x0693	0x24F0      	CALL       _UART1_Write_Text
0x0694	0x01A1      	CLRF       _pulses
0x0695	0x01A2      	CLRF       _time
0x0696	0x3001      	MOVLW      1
0x0697	0x0687      	XORWF      RC0_bit, 1
L_main7:
0x0698	0x2DFB      	GOTO       L_main5
L_end_main:
0x0699	0x2E99      	GOTO       $+0
; end of _main
0x06D0	0x3021      	MOVLW      33
0x06D1	0x0084      	MOVWF      FSR
0x06D2	0x300C      	MOVLW      12
0x06D3	0x1283      	BCF        STATUS, 5
0x06D4	0x1303      	BCF        STATUS, 6
0x06D5	0x00F0      	MOVWF      R0
0x06D6	0x30C3      	MOVLW      195
0x06D7	0x00AD      	MOVWF      ___DoICPAddr
0x06D8	0x3006      	MOVLW      6
0x06D9	0x00AE      	MOVWF      46
0x06DA	0x252A      	CALL       1322
0x06DB	0x0008      	RETURN
;SensorFlujo.c,0 :: ?ICS?lstr1_SensorFlujo
0x069F	0x3457 ;?ICS?lstr1_SensorFlujo+0
0x06A0	0x3461 ;?ICS?lstr1_SensorFlujo+1
0x06A1	0x3474 ;?ICS?lstr1_SensorFlujo+2
0x06A2	0x3465 ;?ICS?lstr1_SensorFlujo+3
0x06A3	0x3472 ;?ICS?lstr1_SensorFlujo+4
0x06A4	0x3466 ;?ICS?lstr1_SensorFlujo+5
0x06A5	0x346C ;?ICS?lstr1_SensorFlujo+6
0x06A6	0x346F ;?ICS?lstr1_SensorFlujo+7
0x06A7	0x3477 ;?ICS?lstr1_SensorFlujo+8
0x06A8	0x343A ;?ICS?lstr1_SensorFlujo+9
0x06A9	0x3420 ;?ICS?lstr1_SensorFlujo+10
0x06AA	0x3400 ;?ICS?lstr1_SensorFlujo+11
; end of ?ICS?lstr1_SensorFlujo
;SensorFlujo.c,0 :: ?ICS?lstr2_SensorFlujo
0x06AB	0x3420 ;?ICS?lstr2_SensorFlujo+0
0x06AC	0x344C ;?ICS?lstr2_SensorFlujo+1
0x06AD	0x342F ;?ICS?lstr2_SensorFlujo+2
0x06AE	0x3473 ;?ICS?lstr2_SensorFlujo+3
0x06AF	0x342C ;?ICS?lstr2_SensorFlujo+4
0x06B0	0x3400 ;?ICS?lstr2_SensorFlujo+5
; end of ?ICS?lstr2_SensorFlujo
;SensorFlujo.c,0 :: ?ICS?lstr3_SensorFlujo
0x06B1	0x3420 ;?ICS?lstr3_SensorFlujo+0
0x06B2	0x3456 ;?ICS?lstr3_SensorFlujo+1
0x06B3	0x346F ;?ICS?lstr3_SensorFlujo+2
0x06B4	0x346C ;?ICS?lstr3_SensorFlujo+3
0x06B5	0x3475 ;?ICS?lstr3_SensorFlujo+4
0x06B6	0x346D ;?ICS?lstr3_SensorFlujo+5
0x06B7	0x3465 ;?ICS?lstr3_SensorFlujo+6
0x06B8	0x343A ;?ICS?lstr3_SensorFlujo+7
0x06B9	0x3420 ;?ICS?lstr3_SensorFlujo+8
0x06BA	0x3400 ;?ICS?lstr3_SensorFlujo+9
; end of ?ICS?lstr3_SensorFlujo
;SensorFlujo.c,0 :: ?ICS?lstr4_SensorFlujo
0x06BB	0x3420 ;?ICS?lstr4_SensorFlujo+0
0x06BC	0x344C ;?ICS?lstr4_SensorFlujo+1
0x06BD	0x3420 ;?ICS?lstr4_SensorFlujo+2
0x06BE	0x3400 ;?ICS?lstr4_SensorFlujo+3
; end of ?ICS?lstr4_SensorFlujo
;SensorFlujo.c,0 :: ?ICSmain_volume_L0
0x06BF	0x3400 ;?ICSmain_volume_L0+0
0x06C0	0x3400 ;?ICSmain_volume_L0+1
0x06C1	0x3400 ;?ICSmain_volume_L0+2
0x06C2	0x3400 ;?ICSmain_volume_L0+3
; end of ?ICSmain_volume_L0
;SensorFlujo.c,0 :: ?ICS_pulses
0x06C3	0x3400 ;?ICS_pulses+0
; end of ?ICS_pulses
;SensorFlujo.c,0 :: ?ICS_time
0x06C4	0x3400 ;?ICS_time+0
; end of ?ICS_time
;__Lib_Conversions.c,0 :: ?ICS?lstr1___Lib_Conversions
0x06C5	0x344E ;?ICS?lstr1___Lib_Conversions+0
0x06C6	0x3461 ;?ICS?lstr1___Lib_Conversions+1
0x06C7	0x344E ;?ICS?lstr1___Lib_Conversions+2
0x06C8	0x3400 ;?ICS?lstr1___Lib_Conversions+3
; end of ?ICS?lstr1___Lib_Conversions
;__Lib_Conversions.c,0 :: ?ICS?lstr3___Lib_Conversions
0x06C9	0x3449 ;?ICS?lstr3___Lib_Conversions+0
0x06CA	0x344E ;?ICS?lstr3___Lib_Conversions+1
0x06CB	0x3446 ;?ICS?lstr3___Lib_Conversions+2
0x06CC	0x3400 ;?ICS?lstr3___Lib_Conversions+3
; end of ?ICS?lstr3___Lib_Conversions
;__Lib_Conversions.c,0 :: ?ICS?lstr2___Lib_Conversions
0x06CD	0x3430 ;?ICS?lstr2___Lib_Conversions+0
0x06CE	0x3400 ;?ICS?lstr2___Lib_Conversions+1
; end of ?ICS?lstr2___Lib_Conversions
Symbol List:
//** Routines locations **
//ADDRESS    SIZE    PROCEDURE
//----------------------------------------------
0x0004      [26]    _interrupt
0x001E       [7]    _RES032
0x0025      [12]    _SETFUN32
0x0031       [4]    _FIXSIGN32
0x0035      [12]    _SETFOV32
0x0041      [16]    _UART1_Init
0x0051      [27]    _strcpy
0x006C      [97]    _Mul_32x32_FP
0x00CD      [81]    _Div_8X8_S
0x011E      [10]    _UART1_Write
0x0128       [3]    _SETFDZ32
0x012B       [7]    _____DoICP
0x0132      [90]    _NRM4032
0x018C      [80]    _Compare_Double
0x01DC      [47]    _NRM3232
0x020B     [183]    _Div_32x32_FP
0x02C2     [558]    _FloatToStr
0x04F0      [23]    _UART1_Write_Text
0x0507      [16]    _byte2double
0x0517      [19]    _clock
0x052A      [12]    ___CC2DW
0x0536     [160]    _Add_32x32_FP
0x05D6      [28]    _config
0x05F2     [167]    _main
//** Variables locations ** 
//ADDRESS    SIZE    VARIABLE
//----------------------------------------------
0x0000       [1]    INDF
0x0002       [1]    PCL
0x0003       [1]    STATUS
0x0004       [1]    FSR
0x0007       [0]    RC0_bit
0x0007       [0]    led
0x000A       [1]    PCLATH
0x000B       [1]    INTCON
0x000B       [0]    INTF_bit
0x000C       [1]    PIR1
0x000C       [0]    TMR1IF_bit
0x000E       [1]    TMR1L
0x000F       [1]    TMR1H
0x0010       [1]    T1CON
0x0018       [1]    RCSTA
0x0019       [1]    TXREG
0x001A       [1]    RCREG
0x0020       [1]    __math_tempbD
0x0021       [1]    _pulses
0x0022       [1]    _time
0x0023       [4]    ?lstr1___Lib_Conversions
0x0027       [4]    ?lstr3___Lib_Conversions
0x002B       [2]    ?lstr2___Lib_Conversions
0x002D       [2]    ___DoICPAddr
0x002F       [1]    ___saveSTATUS
0x0030       [1]    ___savePCLATH
0x0031      [12]    ?lstr1_SensorFlujo
0x003D       [6]    ?lstr2_SensorFlujo
0x0043      [10]    ?lstr3_SensorFlujo
0x004D       [4]    ?lstr4_SensorFlujo
0x0051       [4]    main_volume_L0
0x0055      [15]    main_txt_L0
0x0064       [4]    FLOC__main
0x0068       [1]    FARG_UART1_Write_Text_uart_text
0x0068       [4]    FARG_FloatToStr_fnum
0x0069       [1]    UART1_Write_Text_data__L0
0x006A       [1]    UART1_Write_Text_counter_L0
0x006C       [1]    FARG_FloatToStr_str
0x006D       [1]    FloatToStr_i_L0
0x006E       [1]    FloatToStr_d_L0
0x006F       [1]    FloatToStr_bpoint_L0
0x0070       [1]    R0
0x0071       [1]    R1
0x0072       [1]    R2
0x0073       [1]    R3
0x0074       [1]    R4
0x0075       [1]    R5
0x0076       [1]    R6
0x0077       [1]    R7
0x0078       [1]    R8
0x0079       [1]    R9
0x007A       [1]    R10
0x007B       [1]    R11
0x007C       [1]    R12
0x007D       [1]    R13
0x007E       [1]    R14
0x007F       [1]    R15
0x0081       [0]    INTEDG_bit
0x0085       [1]    TRISA
0x0086       [1]    TRISB
0x0087       [0]    TRISC6_bit
0x0087       [1]    TRISC
0x0087       [0]    TRISC7_bit
0x008C       [0]    TMR1IE_bit
0x008F       [0]    IRCF0_bit
0x008F       [0]    IRCF2_bit
0x008F       [0]    IRCF1_bit
0x008F       [0]    HTS_bit
0x0098       [1]    TXSTA
0x0099       [1]    SPBRG
0x009A       [1]    SPBRGH
0x00A0       [4]    FloatToStr_un_L0
0x00A4       [1]    FloatToStr_dexpon_L0
0x00A5       [1]    FARG_strcpy_to
0x00A5       [1]    FARG_UART1_Write_data_
0x00A6       [1]    FARG_strcpy_from
0x0188       [1]    ANSEL
0x0189       [1]    ANSELH
//** Constants locations ** 
//ADDRESS    SIZE    CONSTANT
//----------------------------------------------
0x069F      [12]    ?ICS?lstr1_SensorFlujo
0x06AB       [6]    ?ICS?lstr2_SensorFlujo
0x06B1      [10]    ?ICS?lstr3_SensorFlujo
0x06BB       [4]    ?ICS?lstr4_SensorFlujo
0x06BF       [4]    ?ICSmain_volume_L0
0x06C3       [1]    ?ICS_pulses
0x06C4       [1]    ?ICS_time
0x06C5       [4]    ?ICS?lstr1___Lib_Conversions
0x06C9       [4]    ?ICS?lstr3___Lib_Conversions
0x06CD       [2]    ?ICS?lstr2___Lib_Conversions
